{"D:\\Rafael\\Hacktiv\\Phase3\\Final Project\\prototype\\x-match\\server\\app.js": {"path":"D:\\Rafael\\Hacktiv\\Phase3\\Final Project\\prototype\\x-match\\server\\app.js","statementMap":{"0":{"start":{"line":1,"column":16},"end":{"line":1,"column":34}},"1":{"start":{"line":2,"column":22},"end":{"line":2,"column":44}},"2":{"start":{"line":3,"column":19},"end":{"line":3,"column":49}},"3":{"start":{"line":4,"column":20},"end":{"line":4,"column":51}},"4":{"start":{"line":5,"column":19},"end":{"line":5,"column":49}},"5":{"start":{"line":6,"column":13},"end":{"line":6,"column":28}},"6":{"start":{"line":7,"column":17},"end":{"line":7,"column":37}},"7":{"start":{"line":8,"column":13},"end":{"line":8,"column":28}},"8":{"start":{"line":9,"column":14},"end":{"line":9,"column":34}},"9":{"start":{"line":10,"column":24},"end":{"line":10,"column":64}},"10":{"start":{"line":11,"column":23},"end":{"line":11,"column":62}},"11":{"start":{"line":13,"column":0},"end":{"line":13,"column":27}},"12":{"start":{"line":15,"column":12},"end":{"line":15,"column":21}},"13":{"start":{"line":16,"column":15},"end":{"line":16,"column":37}},"14":{"start":{"line":17,"column":11},"end":{"line":17,"column":27}},"15":{"start":{"line":20,"column":0},"end":{"line":20,"column":15}},"16":{"start":{"line":21,"column":0},"end":{"line":21,"column":24}},"17":{"start":{"line":22,"column":0},"end":{"line":22,"column":48}},"18":{"start":{"line":23,"column":0},"end":{"line":23,"column":20}},"19":{"start":{"line":24,"column":0},"end":{"line":24,"column":21}},"20":{"start":{"line":25,"column":0},"end":{"line":25,"column":20}},"21":{"start":{"line":28,"column":0},"end":{"line":43,"column":3}},"22":{"start":{"line":29,"column":2},"end":{"line":29,"column":38}},"23":{"start":{"line":31,"column":2},"end":{"line":33,"column":5}},"24":{"start":{"line":32,"column":4},"end":{"line":32,"column":25}},"25":{"start":{"line":35,"column":2},"end":{"line":38,"column":5}},"26":{"start":{"line":36,"column":23},"end":{"line":36,"column":68}},"27":{"start":{"line":37,"column":4},"end":{"line":37,"column":47}},"28":{"start":{"line":40,"column":2},"end":{"line":42,"column":5}},"29":{"start":{"line":41,"column":4},"end":{"line":41,"column":39}},"30":{"start":{"line":54,"column":20},"end":{"line":64,"column":1}},"31":{"start":{"line":55,"column":2},"end":{"line":63,"column":3}},"32":{"start":{"line":56,"column":4},"end":{"line":56,"column":22}},"33":{"start":{"line":57,"column":4},"end":{"line":57,"column":40}},"34":{"start":{"line":62,"column":4},"end":{"line":62,"column":57}},"35":{"start":{"line":66,"column":0},"end":{"line":66,"column":14}},"36":{"start":{"line":69,"column":0},"end":{"line":69,"column":20}}},"fnMap":{"0":{"name":"(anonymous_0)","decl":{"start":{"line":28,"column":20},"end":{"line":28,"column":21}},"loc":{"start":{"line":28,"column":32},"end":{"line":43,"column":1}},"line":28},"1":{"name":"(anonymous_1)","decl":{"start":{"line":31,"column":20},"end":{"line":31,"column":21}},"loc":{"start":{"line":31,"column":45},"end":{"line":33,"column":3}},"line":31},"2":{"name":"(anonymous_2)","decl":{"start":{"line":35,"column":27},"end":{"line":35,"column":28}},"loc":{"start":{"line":35,"column":78},"end":{"line":38,"column":3}},"line":35},"3":{"name":"(anonymous_3)","decl":{"start":{"line":40,"column":26},"end":{"line":40,"column":27}},"loc":{"start":{"line":40,"column":32},"end":{"line":42,"column":3}},"line":40},"4":{"name":"(anonymous_4)","decl":{"start":{"line":54,"column":20},"end":{"line":54,"column":21}},"loc":{"start":{"line":54,"column":32},"end":{"line":64,"column":1}},"line":54}},"branchMap":{},"s":{"0":8,"1":8,"2":8,"3":8,"4":8,"5":8,"6":8,"7":8,"8":8,"9":8,"10":8,"11":8,"12":8,"13":8,"14":8,"15":8,"16":8,"17":8,"18":8,"19":8,"20":8,"21":8,"22":0,"23":0,"24":0,"25":0,"26":0,"27":0,"28":0,"29":0,"30":8,"31":8,"32":8,"33":8,"34":0,"35":8,"36":8},"f":{"0":0,"1":0,"2":0,"3":0,"4":8},"b":{},"_coverageSchema":"1a1c01bbd47fc00a2c39e90264f33305004495a9","hash":"3c1d3e3f318a6f38feea3857dc743a6597e0ff95"}
,"D:\\Rafael\\Hacktiv\\Phase3\\Final Project\\prototype\\x-match\\server\\config\\cloudinary.js": {"path":"D:\\Rafael\\Hacktiv\\Phase3\\Final Project\\prototype\\x-match\\server\\config\\cloudinary.js","statementMap":{"0":{"start":{"line":1,"column":19},"end":{"line":1,"column":43}},"1":{"start":{"line":3,"column":0},"end":{"line":7,"column":3}},"2":{"start":{"line":9,"column":0},"end":{"line":9,"column":28}}},"fnMap":{},"branchMap":{},"s":{"0":8,"1":8,"2":8},"f":{},"b":{},"_coverageSchema":"1a1c01bbd47fc00a2c39e90264f33305004495a9","hash":"e758b84bbd76232f1773941fb7ce4dbe75192e1b"}
,"D:\\Rafael\\Hacktiv\\Phase3\\Final Project\\prototype\\x-match\\server\\config\\db.js": {"path":"D:\\Rafael\\Hacktiv\\Phase3\\Final Project\\prototype\\x-match\\server\\config\\db.js","statementMap":{"0":{"start":{"line":1,"column":24},"end":{"line":1,"column":42}},"1":{"start":{"line":2,"column":0},"end":{"line":2,"column":27}},"2":{"start":{"line":4,"column":15},"end":{"line":4,"column":53}},"3":{"start":{"line":8,"column":18},"end":{"line":11,"column":1}},"4":{"start":{"line":9,"column":2},"end":{"line":9,"column":25}},"5":{"start":{"line":10,"column":2},"end":{"line":10,"column":28}},"6":{"start":{"line":13,"column":14},"end":{"line":18,"column":1}},"7":{"start":{"line":14,"column":2},"end":{"line":16,"column":3}},"8":{"start":{"line":15,"column":4},"end":{"line":15,"column":46}},"9":{"start":{"line":17,"column":2},"end":{"line":17,"column":12}},"10":{"start":{"line":20,"column":0},"end":{"line":20,"column":38}}},"fnMap":{"0":{"name":"(anonymous_0)","decl":{"start":{"line":8,"column":18},"end":{"line":8,"column":19}},"loc":{"start":{"line":8,"column":30},"end":{"line":11,"column":1}},"line":8},"1":{"name":"(anonymous_1)","decl":{"start":{"line":13,"column":14},"end":{"line":13,"column":15}},"loc":{"start":{"line":13,"column":20},"end":{"line":18,"column":1}},"line":13}},"branchMap":{"0":{"loc":{"start":{"line":14,"column":2},"end":{"line":16,"column":3}},"type":"if","locations":[{"start":{"line":14,"column":2},"end":{"line":16,"column":3}},{"start":{},"end":{}}],"line":14}},"s":{"0":8,"1":8,"2":8,"3":8,"4":8,"5":8,"6":8,"7":21,"8":0,"9":21,"10":8},"f":{"0":8,"1":21},"b":{"0":[0,21]},"_coverageSchema":"1a1c01bbd47fc00a2c39e90264f33305004495a9","hash":"e06f2bb7af6f25e95816e6c5db240478972a6191"}
,"D:\\Rafael\\Hacktiv\\Phase3\\Final Project\\prototype\\x-match\\server\\controllers\\chatController.js": {"path":"D:\\Rafael\\Hacktiv\\Phase3\\Final Project\\prototype\\x-match\\server\\controllers\\chatController.js","statementMap":{"0":{"start":{"line":1,"column":21},"end":{"line":1,"column":39}},"1":{"start":{"line":2,"column":42},"end":{"line":2,"column":67}},"2":{"start":{"line":3,"column":19},"end":{"line":3,"column":50}},"3":{"start":{"line":4,"column":15},"end":{"line":4,"column":32}},"4":{"start":{"line":6,"column":16},"end":{"line":6,"column":38}},"5":{"start":{"line":7,"column":15},"end":{"line":7,"column":34}},"6":{"start":{"line":10,"column":23},"end":{"line":10,"column":45}},"7":{"start":{"line":13,"column":4},"end":{"line":47,"column":5}},"8":{"start":{"line":14,"column":35},"end":{"line":14,"column":43}},"9":{"start":{"line":15,"column":21},"end":{"line":15,"column":25}},"10":{"start":{"line":17,"column":6},"end":{"line":33,"column":7}},"11":{"start":{"line":18,"column":8},"end":{"line":18,"column":48}},"12":{"start":{"line":19,"column":23},"end":{"line":30,"column":10}},"13":{"start":{"line":20,"column":31},"end":{"line":28,"column":11}},"14":{"start":{"line":23,"column":14},"end":{"line":25,"column":15}},"15":{"start":{"line":24,"column":16},"end":{"line":24,"column":37}},"16":{"start":{"line":26,"column":14},"end":{"line":26,"column":30}},"17":{"start":{"line":29,"column":10},"end":{"line":29,"column":44}},"18":{"start":{"line":31,"column":8},"end":{"line":31,"column":37}},"19":{"start":{"line":32,"column":8},"end":{"line":32,"column":53}},"20":{"start":{"line":35,"column":19},"end":{"line":42,"column":8}},"21":{"start":{"line":43,"column":6},"end":{"line":43,"column":21}},"22":{"start":{"line":45,"column":6},"end":{"line":45,"column":49}},"23":{"start":{"line":46,"column":6},"end":{"line":46,"column":72}},"24":{"start":{"line":51,"column":4},"end":{"line":57,"column":5}},"25":{"start":{"line":52,"column":26},"end":{"line":52,"column":36}},"26":{"start":{"line":53,"column":20},"end":{"line":53,"column":52}},"27":{"start":{"line":54,"column":6},"end":{"line":54,"column":22}},"28":{"start":{"line":56,"column":6},"end":{"line":56,"column":70}},"29":{"start":{"line":61,"column":0},"end":{"line":61,"column":32}}},"fnMap":{"0":{"name":"(anonymous_0)","decl":{"start":{"line":12,"column":2},"end":{"line":12,"column":3}},"loc":{"start":{"line":12,"column":34},"end":{"line":48,"column":3}},"line":12},"1":{"name":"(anonymous_1)","decl":{"start":{"line":19,"column":41},"end":{"line":19,"column":42}},"loc":{"start":{"line":19,"column":62},"end":{"line":30,"column":9}},"line":19},"2":{"name":"(anonymous_2)","decl":{"start":{"line":22,"column":12},"end":{"line":22,"column":13}},"loc":{"start":{"line":22,"column":31},"end":{"line":27,"column":13}},"line":22},"3":{"name":"(anonymous_3)","decl":{"start":{"line":50,"column":2},"end":{"line":50,"column":3}},"loc":{"start":{"line":50,"column":34},"end":{"line":58,"column":3}},"line":50}},"branchMap":{"0":{"loc":{"start":{"line":17,"column":6},"end":{"line":33,"column":7}},"type":"if","locations":[{"start":{"line":17,"column":6},"end":{"line":33,"column":7}},{"start":{},"end":{}}],"line":17},"1":{"loc":{"start":{"line":23,"column":14},"end":{"line":25,"column":15}},"type":"if","locations":[{"start":{"line":23,"column":14},"end":{"line":25,"column":15}},{"start":{},"end":{}}],"line":23}},"s":{"0":8,"1":8,"2":8,"3":8,"4":8,"5":8,"6":8,"7":0,"8":0,"9":0,"10":0,"11":0,"12":0,"13":0,"14":0,"15":0,"16":0,"17":0,"18":0,"19":0,"20":0,"21":0,"22":0,"23":0,"24":0,"25":0,"26":0,"27":0,"28":0,"29":8},"f":{"0":0,"1":0,"2":0,"3":0},"b":{"0":[0,0],"1":[0,0]},"_coverageSchema":"1a1c01bbd47fc00a2c39e90264f33305004495a9","hash":"7a35f8debfc0eea823b14581512156e65f6cf27d"}
,"D:\\Rafael\\Hacktiv\\Phase3\\Final Project\\prototype\\x-match\\server\\controllers\\eventController.js": {"path":"D:\\Rafael\\Hacktiv\\Phase3\\Final Project\\prototype\\x-match\\server\\controllers\\eventController.js","statementMap":{"0":{"start":{"line":1,"column":21},"end":{"line":1,"column":39}},"1":{"start":{"line":2,"column":18},"end":{"line":2,"column":41}},"2":{"start":{"line":3,"column":19},"end":{"line":3,"column":43}},"3":{"start":{"line":4,"column":23},"end":{"line":4,"column":49}},"4":{"start":{"line":5,"column":14},"end":{"line":5,"column":30}},"5":{"start":{"line":9,"column":4},"end":{"line":15,"column":5}},"6":{"start":{"line":10,"column":17},"end":{"line":10,"column":24}},"7":{"start":{"line":11,"column":21},"end":{"line":11,"column":67}},"8":{"start":{"line":12,"column":6},"end":{"line":12,"column":23}},"9":{"start":{"line":14,"column":6},"end":{"line":14,"column":34}},"10":{"start":{"line":19,"column":4},"end":{"line":28,"column":5}},"11":{"start":{"line":20,"column":17},"end":{"line":20,"column":24}},"12":{"start":{"line":21,"column":20},"end":{"line":21,"column":100}},"13":{"start":{"line":22,"column":6},"end":{"line":24,"column":7}},"14":{"start":{"line":23,"column":8},"end":{"line":23,"column":68}},"15":{"start":{"line":25,"column":6},"end":{"line":25,"column":22}},"16":{"start":{"line":27,"column":6},"end":{"line":27,"column":34}},"17":{"start":{"line":32,"column":4},"end":{"line":61,"column":5}},"18":{"start":{"line":33,"column":85},"end":{"line":33,"column":93}},"19":{"start":{"line":34,"column":21},"end":{"line":34,"column":68}},"20":{"start":{"line":35,"column":17},"end":{"line":35,"column":24}},"21":{"start":{"line":36,"column":21},"end":{"line":36,"column":60}},"22":{"start":{"line":37,"column":25},"end":{"line":37,"column":63}},"23":{"start":{"line":38,"column":20},"end":{"line":53,"column":7}},"24":{"start":{"line":55,"column":6},"end":{"line":55,"column":37}},"25":{"start":{"line":57,"column":6},"end":{"line":57,"column":53}},"26":{"start":{"line":58,"column":6},"end":{"line":58,"column":22}},"27":{"start":{"line":60,"column":6},"end":{"line":60,"column":34}},"28":{"start":{"line":65,"column":4},"end":{"line":84,"column":5}},"29":{"start":{"line":66,"column":17},"end":{"line":66,"column":24}},"30":{"start":{"line":67,"column":6},"end":{"line":67,"column":46}},"31":{"start":{"line":68,"column":20},"end":{"line":68,"column":100}},"32":{"start":{"line":69,"column":6},"end":{"line":71,"column":7}},"33":{"start":{"line":70,"column":8},"end":{"line":70,"column":68}},"34":{"start":{"line":72,"column":6},"end":{"line":74,"column":7}},"35":{"start":{"line":72,"column":39},"end":{"line":72,"column":58}},"36":{"start":{"line":73,"column":8},"end":{"line":73,"column":82}},"37":{"start":{"line":75,"column":6},"end":{"line":77,"column":7}},"38":{"start":{"line":76,"column":8},"end":{"line":76,"column":66}},"39":{"start":{"line":78,"column":6},"end":{"line":78,"column":38}},"40":{"start":{"line":79,"column":6},"end":{"line":79,"column":25}},"41":{"start":{"line":80,"column":6},"end":{"line":80,"column":125}},"42":{"start":{"line":81,"column":6},"end":{"line":81,"column":22}},"43":{"start":{"line":83,"column":6},"end":{"line":83,"column":34}},"44":{"start":{"line":89,"column":17},"end":{"line":95,"column":5}},"45":{"start":{"line":97,"column":4},"end":{"line":108,"column":5}},"46":{"start":{"line":98,"column":23},"end":{"line":104,"column":8}},"47":{"start":{"line":105,"column":6},"end":{"line":105,"column":60}},"48":{"start":{"line":107,"column":6},"end":{"line":107,"column":63}},"49":{"start":{"line":112,"column":4},"end":{"line":158,"column":5}},"50":{"start":{"line":113,"column":20},"end":{"line":113,"column":30}},"51":{"start":{"line":114,"column":26},"end":{"line":114,"column":73}},"52":{"start":{"line":115,"column":26},"end":{"line":115,"column":77}},"53":{"start":{"line":116,"column":17},"end":{"line":116,"column":30}},"54":{"start":{"line":117,"column":28},"end":{"line":117,"column":30}},"55":{"start":{"line":119,"column":24},"end":{"line":124,"column":18}},"56":{"start":{"line":126,"column":6},"end":{"line":152,"column":7}},"57":{"start":{"line":127,"column":8},"end":{"line":127,"column":37}},"58":{"start":{"line":128,"column":8},"end":{"line":128,"column":40}},"59":{"start":{"line":129,"column":24},"end":{"line":129,"column":42}},"60":{"start":{"line":130,"column":8},"end":{"line":130,"column":41}},"61":{"start":{"line":132,"column":21},"end":{"line":132,"column":62}},"62":{"start":{"line":133,"column":8},"end":{"line":151,"column":9}},"63":{"start":{"line":134,"column":21},"end":{"line":134,"column":43}},"64":{"start":{"line":135,"column":23},"end":{"line":135,"column":72}},"65":{"start":{"line":136,"column":10},"end":{"line":138,"column":11}},"66":{"start":{"line":137,"column":12},"end":{"line":137,"column":115}},"67":{"start":{"line":139,"column":10},"end":{"line":150,"column":12}},"68":{"start":{"line":154,"column":15},"end":{"line":154,"column":40}},"69":{"start":{"line":155,"column":6},"end":{"line":155,"column":68}},"70":{"start":{"line":157,"column":6},"end":{"line":157,"column":51}},"71":{"start":{"line":162,"column":4},"end":{"line":199,"column":5}},"72":{"start":{"line":163,"column":20},"end":{"line":163,"column":30}},"73":{"start":{"line":164,"column":24},"end":{"line":164,"column":34}},"74":{"start":{"line":165,"column":6},"end":{"line":165,"column":45}},"75":{"start":{"line":166,"column":23},"end":{"line":166,"column":33}},"76":{"start":{"line":167,"column":6},"end":{"line":167,"column":44}},"77":{"start":{"line":168,"column":17},"end":{"line":168,"column":30}},"78":{"start":{"line":169,"column":20},"end":{"line":169,"column":65}},"79":{"start":{"line":170,"column":6},"end":{"line":196,"column":7}},"80":{"start":{"line":171,"column":21},"end":{"line":171,"column":26}},"81":{"start":{"line":172,"column":27},"end":{"line":172,"column":29}},"82":{"start":{"line":173,"column":28},"end":{"line":173,"column":51}},"83":{"start":{"line":174,"column":8},"end":{"line":180,"column":9}},"84":{"start":{"line":174,"column":21},"end":{"line":174,"column":22}},"85":{"start":{"line":175,"column":31},"end":{"line":175,"column":47}},"86":{"start":{"line":176,"column":10},"end":{"line":179,"column":11}},"87":{"start":{"line":177,"column":12},"end":{"line":177,"column":26}},"88":{"start":{"line":178,"column":12},"end":{"line":178,"column":31}},"89":{"start":{"line":181,"column":25},"end":{"line":181,"column":88}},"90":{"start":{"line":181,"column":60},"end":{"line":181,"column":87}},"91":{"start":{"line":182,"column":8},"end":{"line":195,"column":9}},"92":{"start":{"line":183,"column":10},"end":{"line":194,"column":12}},"93":{"start":{"line":198,"column":6},"end":{"line":198,"column":25}},"94":{"start":{"line":203,"column":4},"end":{"line":261,"column":5}},"95":{"start":{"line":204,"column":22},"end":{"line":204,"column":30}},"96":{"start":{"line":205,"column":26},"end":{"line":205,"column":36}},"97":{"start":{"line":206,"column":21},"end":{"line":206,"column":38}},"98":{"start":{"line":207,"column":17},"end":{"line":207,"column":30}},"99":{"start":{"line":209,"column":6},"end":{"line":209,"column":37}},"100":{"start":{"line":210,"column":6},"end":{"line":210,"column":42}},"101":{"start":{"line":212,"column":19},"end":{"line":212,"column":72}},"102":{"start":{"line":213,"column":28},"end":{"line":213,"column":51}},"103":{"start":{"line":214,"column":6},"end":{"line":214,"column":88}},"104":{"start":{"line":216,"column":20},"end":{"line":216,"column":93}},"105":{"start":{"line":216,"column":51},"end":{"line":216,"column":92}},"106":{"start":{"line":218,"column":6},"end":{"line":222,"column":7}},"107":{"start":{"line":219,"column":8},"end":{"line":219,"column":39}},"108":{"start":{"line":220,"column":13},"end":{"line":222,"column":7}},"109":{"start":{"line":221,"column":8},"end":{"line":221,"column":68}},"110":{"start":{"line":223,"column":6},"end":{"line":223,"column":87}},"111":{"start":{"line":225,"column":6},"end":{"line":232,"column":8}},"112":{"start":{"line":234,"column":20},"end":{"line":234,"column":89}},"113":{"start":{"line":235,"column":5},"end":{"line":235,"column":37}},"114":{"start":{"line":236,"column":6},"end":{"line":239,"column":7}},"115":{"start":{"line":237,"column":8},"end":{"line":237,"column":39}},"116":{"start":{"line":238,"column":8},"end":{"line":238,"column":68}},"117":{"start":{"line":240,"column":6},"end":{"line":240,"column":82}},"118":{"start":{"line":242,"column":26},"end":{"line":242,"column":75}},"119":{"start":{"line":242,"column":56},"end":{"line":242,"column":74}},"120":{"start":{"line":243,"column":6},"end":{"line":245,"column":7}},"121":{"start":{"line":244,"column":8},"end":{"line":244,"column":44}},"122":{"start":{"line":246,"column":6},"end":{"line":246,"column":81}},"123":{"start":{"line":248,"column":6},"end":{"line":255,"column":8}},"124":{"start":{"line":257,"column":6},"end":{"line":257,"column":94}},"125":{"start":{"line":259,"column":6},"end":{"line":259,"column":53}},"126":{"start":{"line":260,"column":6},"end":{"line":260,"column":95}},"127":{"start":{"line":267,"column":4},"end":{"line":310,"column":5}},"128":{"start":{"line":268,"column":34},"end":{"line":268,"column":42}},"129":{"start":{"line":269,"column":17},"end":{"line":269,"column":24}},"130":{"start":{"line":270,"column":20},"end":{"line":270,"column":89}},"131":{"start":{"line":271,"column":6},"end":{"line":273,"column":7}},"132":{"start":{"line":272,"column":8},"end":{"line":272,"column":68}},"133":{"start":{"line":275,"column":19},"end":{"line":279,"column":8}},"134":{"start":{"line":281,"column":24},"end":{"line":293,"column":7}},"135":{"start":{"line":295,"column":26},"end":{"line":295,"column":65}},"136":{"start":{"line":296,"column":30},"end":{"line":304,"column":7}},"137":{"start":{"line":305,"column":6},"end":{"line":305,"column":69}},"138":{"start":{"line":307,"column":6},"end":{"line":307,"column":45}},"139":{"start":{"line":309,"column":6},"end":{"line":309,"column":34}},"140":{"start":{"line":314,"column":4},"end":{"line":338,"column":5}},"141":{"start":{"line":315,"column":47},"end":{"line":315,"column":55}},"142":{"start":{"line":316,"column":6},"end":{"line":316,"column":112}},"143":{"start":{"line":317,"column":17},"end":{"line":317,"column":24}},"144":{"start":{"line":319,"column":26},"end":{"line":319,"column":92}},"145":{"start":{"line":320,"column":6},"end":{"line":322,"column":7}},"146":{"start":{"line":321,"column":8},"end":{"line":321,"column":74}},"147":{"start":{"line":323,"column":8},"end":{"line":326,"column":8}},"148":{"start":{"line":327,"column":6},"end":{"line":332,"column":7}},"149":{"start":{"line":328,"column":8},"end":{"line":331,"column":10}},"150":{"start":{"line":334,"column":6},"end":{"line":334,"column":70}},"151":{"start":{"line":336,"column":6},"end":{"line":336,"column":25}},"152":{"start":{"line":337,"column":6},"end":{"line":337,"column":34}},"153":{"start":{"line":343,"column":0},"end":{"line":343,"column":33}}},"fnMap":{"0":{"name":"(anonymous_0)","decl":{"start":{"line":8,"column":2},"end":{"line":8,"column":3}},"loc":{"start":{"line":8,"column":35},"end":{"line":16,"column":3}},"line":8},"1":{"name":"(anonymous_1)","decl":{"start":{"line":18,"column":2},"end":{"line":18,"column":3}},"loc":{"start":{"line":18,"column":34},"end":{"line":29,"column":3}},"line":18},"2":{"name":"(anonymous_2)","decl":{"start":{"line":31,"column":2},"end":{"line":31,"column":3}},"loc":{"start":{"line":31,"column":37},"end":{"line":62,"column":3}},"line":31},"3":{"name":"(anonymous_3)","decl":{"start":{"line":64,"column":2},"end":{"line":64,"column":3}},"loc":{"start":{"line":64,"column":35},"end":{"line":85,"column":3}},"line":64},"4":{"name":"(anonymous_4)","decl":{"start":{"line":72,"column":27},"end":{"line":72,"column":28}},"loc":{"start":{"line":72,"column":39},"end":{"line":72,"column":58}},"line":72},"5":{"name":"(anonymous_5)","decl":{"start":{"line":88,"column":2},"end":{"line":88,"column":3}},"loc":{"start":{"line":88,"column":52},"end":{"line":109,"column":3}},"line":88},"6":{"name":"(anonymous_6)","decl":{"start":{"line":111,"column":2},"end":{"line":111,"column":3}},"loc":{"start":{"line":111,"column":28},"end":{"line":159,"column":3}},"line":111},"7":{"name":"(anonymous_7)","decl":{"start":{"line":161,"column":2},"end":{"line":161,"column":3}},"loc":{"start":{"line":161,"column":35},"end":{"line":200,"column":3}},"line":161},"8":{"name":"(anonymous_8)","decl":{"start":{"line":181,"column":46},"end":{"line":181,"column":47}},"loc":{"start":{"line":181,"column":60},"end":{"line":181,"column":87}},"line":181},"9":{"name":"(anonymous_9)","decl":{"start":{"line":202,"column":2},"end":{"line":202,"column":3}},"loc":{"start":{"line":202,"column":44},"end":{"line":262,"column":3}},"line":202},"10":{"name":"(anonymous_10)","decl":{"start":{"line":216,"column":44},"end":{"line":216,"column":45}},"loc":{"start":{"line":216,"column":51},"end":{"line":216,"column":92}},"line":216},"11":{"name":"(anonymous_11)","decl":{"start":{"line":242,"column":49},"end":{"line":242,"column":50}},"loc":{"start":{"line":242,"column":56},"end":{"line":242,"column":74}},"line":242},"12":{"name":"(anonymous_12)","decl":{"start":{"line":266,"column":2},"end":{"line":266,"column":3}},"loc":{"start":{"line":266,"column":43},"end":{"line":311,"column":3}},"line":266},"13":{"name":"(anonymous_13)","decl":{"start":{"line":313,"column":2},"end":{"line":313,"column":3}},"loc":{"start":{"line":313,"column":55},"end":{"line":339,"column":3}},"line":313}},"branchMap":{"0":{"loc":{"start":{"line":22,"column":6},"end":{"line":24,"column":7}},"type":"if","locations":[{"start":{"line":22,"column":6},"end":{"line":24,"column":7}},{"start":{},"end":{}}],"line":22},"1":{"loc":{"start":{"line":36,"column":21},"end":{"line":36,"column":60}},"type":"binary-expr","locations":[{"start":{"line":36,"column":21},"end":{"line":36,"column":40}},{"start":{"line":36,"column":44},"end":{"line":36,"column":60}}],"line":36},"2":{"loc":{"start":{"line":37,"column":25},"end":{"line":37,"column":63}},"type":"cond-expr","locations":[{"start":{"line":37,"column":34},"end":{"line":37,"column":40}},{"start":{"line":37,"column":43},"end":{"line":37,"column":63}}],"line":37},"3":{"loc":{"start":{"line":69,"column":6},"end":{"line":71,"column":7}},"type":"if","locations":[{"start":{"line":69,"column":6},"end":{"line":71,"column":7}},{"start":{},"end":{}}],"line":69},"4":{"loc":{"start":{"line":72,"column":6},"end":{"line":74,"column":7}},"type":"if","locations":[{"start":{"line":72,"column":6},"end":{"line":74,"column":7}},{"start":{},"end":{}}],"line":72},"5":{"loc":{"start":{"line":75,"column":6},"end":{"line":77,"column":7}},"type":"if","locations":[{"start":{"line":75,"column":6},"end":{"line":77,"column":7}},{"start":{},"end":{}}],"line":75},"6":{"loc":{"start":{"line":129,"column":24},"end":{"line":129,"column":42}},"type":"binary-expr","locations":[{"start":{"line":129,"column":24},"end":{"line":129,"column":36}},{"start":{"line":129,"column":40},"end":{"line":129,"column":42}}],"line":129},"7":{"loc":{"start":{"line":136,"column":10},"end":{"line":138,"column":11}},"type":"if","locations":[{"start":{"line":136,"column":10},"end":{"line":138,"column":11}},{"start":{},"end":{}}],"line":136},"8":{"loc":{"start":{"line":173,"column":28},"end":{"line":173,"column":51}},"type":"binary-expr","locations":[{"start":{"line":173,"column":28},"end":{"line":173,"column":45}},{"start":{"line":173,"column":49},"end":{"line":173,"column":51}}],"line":173},"9":{"loc":{"start":{"line":176,"column":10},"end":{"line":179,"column":11}},"type":"if","locations":[{"start":{"line":176,"column":10},"end":{"line":179,"column":11}},{"start":{},"end":{}}],"line":176},"10":{"loc":{"start":{"line":182,"column":8},"end":{"line":195,"column":9}},"type":"if","locations":[{"start":{"line":182,"column":8},"end":{"line":195,"column":9}},{"start":{},"end":{}}],"line":182},"11":{"loc":{"start":{"line":213,"column":28},"end":{"line":213,"column":51}},"type":"binary-expr","locations":[{"start":{"line":213,"column":28},"end":{"line":213,"column":45}},{"start":{"line":213,"column":49},"end":{"line":213,"column":51}}],"line":213},"12":{"loc":{"start":{"line":218,"column":6},"end":{"line":222,"column":7}},"type":"if","locations":[{"start":{"line":218,"column":6},"end":{"line":222,"column":7}},{"start":{"line":220,"column":13},"end":{"line":222,"column":7}}],"line":218},"13":{"loc":{"start":{"line":220,"column":13},"end":{"line":222,"column":7}},"type":"if","locations":[{"start":{"line":220,"column":13},"end":{"line":222,"column":7}},{"start":{},"end":{}}],"line":220},"14":{"loc":{"start":{"line":236,"column":6},"end":{"line":239,"column":7}},"type":"if","locations":[{"start":{"line":236,"column":6},"end":{"line":239,"column":7}},{"start":{},"end":{}}],"line":236},"15":{"loc":{"start":{"line":243,"column":6},"end":{"line":245,"column":7}},"type":"if","locations":[{"start":{"line":243,"column":6},"end":{"line":245,"column":7}},{"start":{},"end":{}}],"line":243},"16":{"loc":{"start":{"line":271,"column":6},"end":{"line":273,"column":7}},"type":"if","locations":[{"start":{"line":271,"column":6},"end":{"line":273,"column":7}},{"start":{},"end":{}}],"line":271},"17":{"loc":{"start":{"line":320,"column":6},"end":{"line":322,"column":7}},"type":"if","locations":[{"start":{"line":320,"column":6},"end":{"line":322,"column":7}},{"start":{},"end":{}}],"line":320},"18":{"loc":{"start":{"line":327,"column":6},"end":{"line":332,"column":7}},"type":"if","locations":[{"start":{"line":327,"column":6},"end":{"line":332,"column":7}},{"start":{},"end":{}}],"line":327}},"s":{"0":8,"1":8,"2":8,"3":8,"4":8,"5":1,"6":1,"7":1,"8":1,"9":0,"10":1,"11":1,"12":1,"13":1,"14":0,"15":1,"16":0,"17":0,"18":0,"19":0,"20":0,"21":0,"22":0,"23":0,"24":0,"25":0,"26":0,"27":0,"28":1,"29":1,"30":1,"31":1,"32":1,"33":0,"34":1,"35":0,"36":0,"37":1,"38":0,"39":1,"40":1,"41":1,"42":1,"43":0,"44":0,"45":0,"46":0,"47":0,"48":0,"49":0,"50":0,"51":0,"52":0,"53":0,"54":0,"55":0,"56":0,"57":0,"58":0,"59":0,"60":0,"61":0,"62":0,"63":0,"64":0,"65":0,"66":0,"67":0,"68":0,"69":0,"70":0,"71":0,"72":0,"73":0,"74":0,"75":0,"76":0,"77":0,"78":0,"79":0,"80":0,"81":0,"82":0,"83":0,"84":0,"85":0,"86":0,"87":0,"88":0,"89":0,"90":0,"91":0,"92":0,"93":0,"94":0,"95":0,"96":0,"97":0,"98":0,"99":0,"100":0,"101":0,"102":0,"103":0,"104":0,"105":0,"106":0,"107":0,"108":0,"109":0,"110":0,"111":0,"112":0,"113":0,"114":0,"115":0,"116":0,"117":0,"118":0,"119":0,"120":0,"121":0,"122":0,"123":0,"124":0,"125":0,"126":0,"127":0,"128":0,"129":0,"130":0,"131":0,"132":0,"133":0,"134":0,"135":0,"136":0,"137":0,"138":0,"139":0,"140":0,"141":0,"142":0,"143":0,"144":0,"145":0,"146":0,"147":0,"148":0,"149":0,"150":0,"151":0,"152":0,"153":8},"f":{"0":1,"1":1,"2":0,"3":1,"4":0,"5":0,"6":0,"7":0,"8":0,"9":0,"10":0,"11":0,"12":0,"13":0},"b":{"0":[0,1],"1":[0,0],"2":[0,0],"3":[0,1],"4":[0,1],"5":[0,1],"6":[0,0],"7":[0,0],"8":[0,0],"9":[0,0],"10":[0,0],"11":[0,0],"12":[0,0],"13":[0,0],"14":[0,0],"15":[0,0],"16":[0,0],"17":[0,0],"18":[0,0]},"_coverageSchema":"1a1c01bbd47fc00a2c39e90264f33305004495a9","hash":"ea1a90317f15000b902c512c0996198eab75546e"}
,"D:\\Rafael\\Hacktiv\\Phase3\\Final Project\\prototype\\x-match\\server\\controllers\\userController.js": {"path":"D:\\Rafael\\Hacktiv\\Phase3\\Final Project\\prototype\\x-match\\server\\controllers\\userController.js","statementMap":{"0":{"start":{"line":1,"column":15},"end":{"line":1,"column":34}},"1":{"start":{"line":2,"column":12},"end":{"line":2,"column":35}},"2":{"start":{"line":3,"column":21},"end":{"line":3,"column":39}},"3":{"start":{"line":4,"column":18},"end":{"line":4,"column":41}},"4":{"start":{"line":5,"column":19},"end":{"line":5,"column":43}},"5":{"start":{"line":6,"column":25},"end":{"line":6,"column":55}},"6":{"start":{"line":8,"column":0},"end":{"line":12,"column":3}},"7":{"start":{"line":14,"column":15},"end":{"line":14,"column":61}},"8":{"start":{"line":18,"column":4},"end":{"line":47,"column":5}},"9":{"start":{"line":19,"column":44},"end":{"line":19,"column":52}},"10":{"start":{"line":20,"column":6},"end":{"line":20,"column":48}},"11":{"start":{"line":21,"column":29},"end":{"line":21,"column":59}},"12":{"start":{"line":22,"column":17},"end":{"line":22,"column":24}},"13":{"start":{"line":23,"column":19},"end":{"line":34,"column":7}},"14":{"start":{"line":35,"column":6},"end":{"line":35,"column":51}},"15":{"start":{"line":36,"column":20},"end":{"line":36,"column":92}},"16":{"start":{"line":37,"column":6},"end":{"line":44,"column":9}},"17":{"start":{"line":46,"column":6},"end":{"line":46,"column":34}},"18":{"start":{"line":51,"column":22},"end":{"line":51,"column":30}},"19":{"start":{"line":53,"column":4},"end":{"line":93,"column":5}},"20":{"start":{"line":54,"column":21},"end":{"line":57,"column":8}},"21":{"start":{"line":59,"column":22},"end":{"line":59,"column":41}},"22":{"start":{"line":60,"column":30},"end":{"line":60,"column":37}},"23":{"start":{"line":62,"column":17},"end":{"line":62,"column":24}},"24":{"start":{"line":63,"column":17},"end":{"line":63,"column":64}},"25":{"start":{"line":65,"column":6},"end":{"line":79,"column":7}},"26":{"start":{"line":66,"column":8},"end":{"line":77,"column":10}},"27":{"start":{"line":78,"column":8},"end":{"line":78,"column":53}},"28":{"start":{"line":81,"column":23},"end":{"line":81,"column":95}},"29":{"start":{"line":83,"column":6},"end":{"line":90,"column":9}},"30":{"start":{"line":92,"column":6},"end":{"line":92,"column":34}},"31":{"start":{"line":97,"column":4},"end":{"line":119,"column":5}},"32":{"start":{"line":98,"column":34},"end":{"line":98,"column":42}},"33":{"start":{"line":99,"column":17},"end":{"line":99,"column":24}},"34":{"start":{"line":100,"column":19},"end":{"line":100,"column":66}},"35":{"start":{"line":101,"column":6},"end":{"line":103,"column":7}},"36":{"start":{"line":102,"column":8},"end":{"line":102,"column":75}},"37":{"start":{"line":104,"column":22},"end":{"line":104,"column":67}},"38":{"start":{"line":105,"column":6},"end":{"line":107,"column":7}},"39":{"start":{"line":106,"column":8},"end":{"line":106,"column":75}},"40":{"start":{"line":108,"column":20},"end":{"line":108,"column":92}},"41":{"start":{"line":109,"column":6},"end":{"line":116,"column":9}},"42":{"start":{"line":118,"column":6},"end":{"line":118,"column":34}},"43":{"start":{"line":123,"column":4},"end":{"line":123,"column":23}},"44":{"start":{"line":127,"column":4},"end":{"line":144,"column":5}},"45":{"start":{"line":128,"column":17},"end":{"line":128,"column":24}},"46":{"start":{"line":129,"column":22},"end":{"line":129,"column":43}},"47":{"start":{"line":130,"column":25},"end":{"line":130,"column":27}},"48":{"start":{"line":131,"column":6},"end":{"line":131,"column":71}},"49":{"start":{"line":131,"column":32},"end":{"line":131,"column":69}},"50":{"start":{"line":133,"column":6},"end":{"line":136,"column":7}},"51":{"start":{"line":134,"column":23},"end":{"line":134,"column":70}},"52":{"start":{"line":135,"column":8},"end":{"line":135,"column":46}},"53":{"start":{"line":138,"column":6},"end":{"line":138,"column":40}},"54":{"start":{"line":139,"column":6},"end":{"line":139,"column":104}},"55":{"start":{"line":140,"column":26},"end":{"line":140,"column":99}},"56":{"start":{"line":141,"column":6},"end":{"line":141,"column":28}},"57":{"start":{"line":143,"column":6},"end":{"line":143,"column":34}},"58":{"start":{"line":148,"column":4},"end":{"line":154,"column":5}},"59":{"start":{"line":149,"column":17},"end":{"line":149,"column":24}},"60":{"start":{"line":150,"column":21},"end":{"line":150,"column":91}},"61":{"start":{"line":151,"column":6},"end":{"line":151,"column":23}},"62":{"start":{"line":153,"column":6},"end":{"line":153,"column":34}},"63":{"start":{"line":158,"column":4},"end":{"line":191,"column":5}},"64":{"start":{"line":159,"column":20},"end":{"line":159,"column":30}},"65":{"start":{"line":160,"column":24},"end":{"line":160,"column":34}},"66":{"start":{"line":161,"column":6},"end":{"line":161,"column":45}},"67":{"start":{"line":162,"column":17},"end":{"line":162,"column":30}},"68":{"start":{"line":163,"column":26},"end":{"line":163,"column":28}},"69":{"start":{"line":164,"column":20},"end":{"line":170,"column":18}},"70":{"start":{"line":171,"column":6},"end":{"line":188,"column":7}},"71":{"start":{"line":172,"column":8},"end":{"line":172,"column":38}},"72":{"start":{"line":173,"column":13},"end":{"line":188,"column":7}},"73":{"start":{"line":174,"column":8},"end":{"line":186,"column":11}},"74":{"start":{"line":175,"column":10},"end":{"line":175,"column":39}},"75":{"start":{"line":176,"column":22},"end":{"line":176,"column":30}},"76":{"start":{"line":177,"column":10},"end":{"line":185,"column":12}},"77":{"start":{"line":187,"column":8},"end":{"line":187,"column":92}},"78":{"start":{"line":190,"column":6},"end":{"line":190,"column":42}},"79":{"start":{"line":195,"column":4},"end":{"line":222,"column":5}},"80":{"start":{"line":196,"column":25},"end":{"line":196,"column":35}},"81":{"start":{"line":197,"column":17},"end":{"line":197,"column":37}},"82":{"start":{"line":198,"column":20},"end":{"line":198,"column":30}},"83":{"start":{"line":199,"column":23},"end":{"line":199,"column":33}},"84":{"start":{"line":200,"column":6},"end":{"line":200,"column":44}},"85":{"start":{"line":201,"column":17},"end":{"line":201,"column":30}},"86":{"start":{"line":202,"column":22},"end":{"line":212,"column":7}},"87":{"start":{"line":213,"column":6},"end":{"line":215,"column":7}},"88":{"start":{"line":214,"column":8},"end":{"line":214,"column":40}},"89":{"start":{"line":216,"column":6},"end":{"line":218,"column":9}},"90":{"start":{"line":220,"column":6},"end":{"line":220,"column":25}},"91":{"start":{"line":221,"column":6},"end":{"line":221,"column":63}},"92":{"start":{"line":227,"column":4},"end":{"line":233,"column":5}},"93":{"start":{"line":228,"column":17},"end":{"line":228,"column":24}},"94":{"start":{"line":229,"column":21},"end":{"line":229,"column":91}},"95":{"start":{"line":230,"column":6},"end":{"line":230,"column":23}},"96":{"start":{"line":232,"column":6},"end":{"line":232,"column":34}},"97":{"start":{"line":237,"column":4},"end":{"line":243,"column":5}},"98":{"start":{"line":238,"column":17},"end":{"line":238,"column":24}},"99":{"start":{"line":239,"column":19},"end":{"line":239,"column":92}},"100":{"start":{"line":240,"column":6},"end":{"line":240,"column":34}},"101":{"start":{"line":242,"column":6},"end":{"line":242,"column":78}},"102":{"start":{"line":248,"column":4},"end":{"line":276,"column":5}},"103":{"start":{"line":249,"column":22},"end":{"line":249,"column":30}},"104":{"start":{"line":250,"column":26},"end":{"line":250,"column":36}},"105":{"start":{"line":251,"column":17},"end":{"line":251,"column":30}},"106":{"start":{"line":252,"column":19},"end":{"line":252,"column":64}},"107":{"start":{"line":253,"column":28},"end":{"line":253,"column":45}},"108":{"start":{"line":254,"column":6},"end":{"line":254,"column":51}},"109":{"start":{"line":255,"column":25},"end":{"line":258,"column":7}},"110":{"start":{"line":256,"column":8},"end":{"line":256,"column":65}},"111":{"start":{"line":259,"column":6},"end":{"line":263,"column":7}},"112":{"start":{"line":260,"column":8},"end":{"line":262,"column":10}},"113":{"start":{"line":264,"column":6},"end":{"line":264,"column":41}},"114":{"start":{"line":265,"column":26},"end":{"line":270,"column":7}},"115":{"start":{"line":271,"column":6},"end":{"line":273,"column":8}},"116":{"start":{"line":275,"column":6},"end":{"line":275,"column":62}},"117":{"start":{"line":280,"column":4},"end":{"line":293,"column":5}},"118":{"start":{"line":281,"column":21},"end":{"line":281,"column":33}},"119":{"start":{"line":282,"column":24},"end":{"line":282,"column":32}},"120":{"start":{"line":284,"column":17},"end":{"line":284,"column":30}},"121":{"start":{"line":285,"column":6},"end":{"line":288,"column":8}},"122":{"start":{"line":290,"column":6},"end":{"line":290,"column":73}},"123":{"start":{"line":292,"column":6},"end":{"line":292,"column":63}},"124":{"start":{"line":299,"column":0},"end":{"line":299,"column":32}}},"fnMap":{"0":{"name":"(anonymous_0)","decl":{"start":{"line":17,"column":2},"end":{"line":17,"column":3}},"loc":{"start":{"line":17,"column":34},"end":{"line":48,"column":3}},"line":17},"1":{"name":"(anonymous_1)","decl":{"start":{"line":50,"column":2},"end":{"line":50,"column":3}},"loc":{"start":{"line":50,"column":37},"end":{"line":94,"column":3}},"line":50},"2":{"name":"(anonymous_2)","decl":{"start":{"line":96,"column":2},"end":{"line":96,"column":3}},"loc":{"start":{"line":96,"column":31},"end":{"line":120,"column":3}},"line":96},"3":{"name":"(anonymous_3)","decl":{"start":{"line":122,"column":2},"end":{"line":122,"column":3}},"loc":{"start":{"line":122,"column":33},"end":{"line":124,"column":3}},"line":122},"4":{"name":"(anonymous_4)","decl":{"start":{"line":126,"column":2},"end":{"line":126,"column":3}},"loc":{"start":{"line":126,"column":36},"end":{"line":145,"column":3}},"line":126},"5":{"name":"(anonymous_5)","decl":{"start":{"line":131,"column":22},"end":{"line":131,"column":23}},"loc":{"start":{"line":131,"column":32},"end":{"line":131,"column":69}},"line":131},"6":{"name":"(anonymous_6)","decl":{"start":{"line":147,"column":2},"end":{"line":147,"column":3}},"loc":{"start":{"line":147,"column":39},"end":{"line":155,"column":3}},"line":147},"7":{"name":"(anonymous_7)","decl":{"start":{"line":157,"column":2},"end":{"line":157,"column":3}},"loc":{"start":{"line":157,"column":29},"end":{"line":192,"column":3}},"line":157},"8":{"name":"(anonymous_8)","decl":{"start":{"line":174,"column":22},"end":{"line":174,"column":23}},"loc":{"start":{"line":174,"column":38},"end":{"line":186,"column":9}},"line":174},"9":{"name":"(anonymous_9)","decl":{"start":{"line":194,"column":2},"end":{"line":194,"column":3}},"loc":{"start":{"line":194,"column":39},"end":{"line":223,"column":3}},"line":194},"10":{"name":"(anonymous_10)","decl":{"start":{"line":226,"column":2},"end":{"line":226,"column":3}},"loc":{"start":{"line":226,"column":41},"end":{"line":234,"column":3}},"line":226},"11":{"name":"(anonymous_11)","decl":{"start":{"line":236,"column":2},"end":{"line":236,"column":3}},"loc":{"start":{"line":236,"column":42},"end":{"line":244,"column":3}},"line":236},"12":{"name":"(anonymous_12)","decl":{"start":{"line":246,"column":2},"end":{"line":246,"column":3}},"loc":{"start":{"line":246,"column":46},"end":{"line":277,"column":3}},"line":246},"13":{"name":"(anonymous_13)","decl":{"start":{"line":255,"column":49},"end":{"line":255,"column":50}},"loc":{"start":{"line":255,"column":65},"end":{"line":257,"column":7}},"line":255},"14":{"name":"(anonymous_14)","decl":{"start":{"line":279,"column":2},"end":{"line":279,"column":3}},"loc":{"start":{"line":279,"column":39},"end":{"line":294,"column":3}},"line":279}},"branchMap":{"0":{"loc":{"start":{"line":65,"column":6},"end":{"line":79,"column":7}},"type":"if","locations":[{"start":{"line":65,"column":6},"end":{"line":79,"column":7}},{"start":{},"end":{}}],"line":65},"1":{"loc":{"start":{"line":101,"column":6},"end":{"line":103,"column":7}},"type":"if","locations":[{"start":{"line":101,"column":6},"end":{"line":103,"column":7}},{"start":{},"end":{}}],"line":101},"2":{"loc":{"start":{"line":105,"column":6},"end":{"line":107,"column":7}},"type":"if","locations":[{"start":{"line":105,"column":6},"end":{"line":107,"column":7}},{"start":{},"end":{}}],"line":105},"3":{"loc":{"start":{"line":133,"column":6},"end":{"line":136,"column":7}},"type":"if","locations":[{"start":{"line":133,"column":6},"end":{"line":136,"column":7}},{"start":{},"end":{}}],"line":133},"4":{"loc":{"start":{"line":171,"column":6},"end":{"line":188,"column":7}},"type":"if","locations":[{"start":{"line":171,"column":6},"end":{"line":188,"column":7}},{"start":{"line":173,"column":13},"end":{"line":188,"column":7}}],"line":171},"5":{"loc":{"start":{"line":173,"column":13},"end":{"line":188,"column":7}},"type":"if","locations":[{"start":{"line":173,"column":13},"end":{"line":188,"column":7}},{"start":{},"end":{}}],"line":173},"6":{"loc":{"start":{"line":213,"column":6},"end":{"line":215,"column":7}},"type":"if","locations":[{"start":{"line":213,"column":6},"end":{"line":215,"column":7}},{"start":{},"end":{}}],"line":213},"7":{"loc":{"start":{"line":259,"column":6},"end":{"line":263,"column":7}},"type":"if","locations":[{"start":{"line":259,"column":6},"end":{"line":263,"column":7}},{"start":{},"end":{}}],"line":259}},"s":{"0":8,"1":8,"2":8,"3":8,"4":8,"5":8,"6":8,"7":8,"8":3,"9":3,"10":3,"11":3,"12":2,"13":2,"14":2,"15":1,"16":1,"17":1,"18":0,"19":0,"20":0,"21":0,"22":0,"23":0,"24":0,"25":0,"26":0,"27":0,"28":0,"29":0,"30":0,"31":1,"32":1,"33":1,"34":1,"35":0,"36":0,"37":0,"38":0,"39":0,"40":0,"41":0,"42":0,"43":0,"44":0,"45":0,"46":0,"47":0,"48":0,"49":0,"50":0,"51":0,"52":0,"53":0,"54":0,"55":0,"56":0,"57":0,"58":0,"59":0,"60":0,"61":0,"62":0,"63":0,"64":0,"65":0,"66":0,"67":0,"68":0,"69":0,"70":0,"71":0,"72":0,"73":0,"74":0,"75":0,"76":0,"77":0,"78":0,"79":0,"80":0,"81":0,"82":0,"83":0,"84":0,"85":0,"86":0,"87":0,"88":0,"89":0,"90":0,"91":0,"92":0,"93":0,"94":0,"95":0,"96":0,"97":0,"98":0,"99":0,"100":0,"101":0,"102":0,"103":0,"104":0,"105":0,"106":0,"107":0,"108":0,"109":0,"110":0,"111":0,"112":0,"113":0,"114":0,"115":0,"116":0,"117":0,"118":0,"119":0,"120":0,"121":0,"122":0,"123":0,"124":8},"f":{"0":3,"1":0,"2":1,"3":0,"4":0,"5":0,"6":0,"7":0,"8":0,"9":0,"10":0,"11":0,"12":0,"13":0,"14":0},"b":{"0":[0,0],"1":[0,0],"2":[0,0],"3":[0,0],"4":[0,0],"5":[0,0],"6":[0,0],"7":[0,0]},"_coverageSchema":"1a1c01bbd47fc00a2c39e90264f33305004495a9","hash":"0fff7bf4ef32ed82e6c9459c808c8d4664ceb6a8"}
,"D:\\Rafael\\Hacktiv\\Phase3\\Final Project\\prototype\\x-match\\server\\middlewares\\auth.js": {"path":"D:\\Rafael\\Hacktiv\\Phase3\\Final Project\\prototype\\x-match\\server\\middlewares\\auth.js","statementMap":{"0":{"start":{"line":1,"column":12},"end":{"line":1,"column":35}},"1":{"start":{"line":2,"column":21},"end":{"line":2,"column":39}},"2":{"start":{"line":3,"column":18},"end":{"line":3,"column":41}},"3":{"start":{"line":5,"column":13},"end":{"line":26,"column":1}},"4":{"start":{"line":6,"column":21},"end":{"line":6,"column":48}},"5":{"start":{"line":7,"column":2},"end":{"line":9,"column":3}},"6":{"start":{"line":8,"column":4},"end":{"line":8,"column":77}},"7":{"start":{"line":11,"column":16},"end":{"line":11,"column":49}},"8":{"start":{"line":12,"column":2},"end":{"line":12,"column":36}},"9":{"start":{"line":13,"column":2},"end":{"line":25,"column":3}},"10":{"start":{"line":14,"column":20},"end":{"line":14,"column":61}},"11":{"start":{"line":15,"column":15},"end":{"line":15,"column":22}},"12":{"start":{"line":16,"column":17},"end":{"line":16,"column":89}},"13":{"start":{"line":17,"column":4},"end":{"line":19,"column":5}},"14":{"start":{"line":18,"column":6},"end":{"line":18,"column":40}},"15":{"start":{"line":20,"column":4},"end":{"line":20,"column":20}},"16":{"start":{"line":21,"column":4},"end":{"line":21,"column":11}},"17":{"start":{"line":23,"column":4},"end":{"line":23,"column":50}},"18":{"start":{"line":24,"column":4},"end":{"line":24,"column":60}},"19":{"start":{"line":28,"column":0},"end":{"line":28,"column":22}}},"fnMap":{"0":{"name":"(anonymous_0)","decl":{"start":{"line":5,"column":13},"end":{"line":5,"column":14}},"loc":{"start":{"line":5,"column":39},"end":{"line":26,"column":1}},"line":5}},"branchMap":{"0":{"loc":{"start":{"line":7,"column":2},"end":{"line":9,"column":3}},"type":"if","locations":[{"start":{"line":7,"column":2},"end":{"line":9,"column":3}},{"start":{},"end":{}}],"line":7},"1":{"loc":{"start":{"line":17,"column":4},"end":{"line":19,"column":5}},"type":"if","locations":[{"start":{"line":17,"column":4},"end":{"line":19,"column":5}},{"start":{},"end":{}}],"line":17}},"s":{"0":8,"1":8,"2":8,"3":8,"4":23,"5":23,"6":4,"7":19,"8":19,"9":19,"10":19,"11":15,"12":15,"13":15,"14":12,"15":3,"16":3,"17":16,"18":16,"19":8},"f":{"0":23},"b":{"0":[4,19],"1":[12,3]},"_coverageSchema":"1a1c01bbd47fc00a2c39e90264f33305004495a9","hash":"d7aa64b549dd281698f28ba60dd5e86043b36ead"}
,"D:\\Rafael\\Hacktiv\\Phase3\\Final Project\\prototype\\x-match\\server\\models\\Chat.js": {"path":"D:\\Rafael\\Hacktiv\\Phase3\\Final Project\\prototype\\x-match\\server\\models\\Chat.js","statementMap":{"0":{"start":{"line":1,"column":21},"end":{"line":1,"column":39}},"1":{"start":{"line":2,"column":18},"end":{"line":2,"column":41}},"2":{"start":{"line":4,"column":19},"end":{"line":8,"column":1}},"3":{"start":{"line":5,"column":13},"end":{"line":5,"column":20}},"4":{"start":{"line":6,"column":17},"end":{"line":6,"column":61}},"5":{"start":{"line":7,"column":2},"end":{"line":7,"column":45}},"6":{"start":{"line":10,"column":26},"end":{"line":14,"column":1}},"7":{"start":{"line":11,"column":13},"end":{"line":11,"column":20}},"8":{"start":{"line":12,"column":16},"end":{"line":12,"column":95}},"9":{"start":{"line":13,"column":2},"end":{"line":13,"column":15}},"10":{"start":{"line":16,"column":0},"end":{"line":16,"column":51}}},"fnMap":{"0":{"name":"(anonymous_0)","decl":{"start":{"line":4,"column":19},"end":{"line":4,"column":20}},"loc":{"start":{"line":4,"column":35},"end":{"line":8,"column":1}},"line":4},"1":{"name":"(anonymous_1)","decl":{"start":{"line":10,"column":26},"end":{"line":10,"column":27}},"loc":{"start":{"line":10,"column":45},"end":{"line":14,"column":1}},"line":10}},"branchMap":{},"s":{"0":8,"1":8,"2":8,"3":0,"4":0,"5":0,"6":8,"7":0,"8":0,"9":0,"10":8},"f":{"0":0,"1":0},"b":{},"_coverageSchema":"1a1c01bbd47fc00a2c39e90264f33305004495a9","hash":"e6613e882a567283bc919cf2376912b30dd2824a"}
,"D:\\Rafael\\Hacktiv\\Phase3\\Final Project\\prototype\\x-match\\server\\routes\\chatRoutes.js": {"path":"D:\\Rafael\\Hacktiv\\Phase3\\Final Project\\prototype\\x-match\\server\\routes\\chatRoutes.js","statementMap":{"0":{"start":{"line":1,"column":16},"end":{"line":1,"column":34}},"1":{"start":{"line":2,"column":23},"end":{"line":2,"column":63}},"2":{"start":{"line":3,"column":13},"end":{"line":3,"column":43}},"3":{"start":{"line":5,"column":15},"end":{"line":5,"column":31}},"4":{"start":{"line":7,"column":0},"end":{"line":7,"column":81}},"5":{"start":{"line":8,"column":0},"end":{"line":8,"column":61}},"6":{"start":{"line":10,"column":0},"end":{"line":10,"column":24}}},"fnMap":{},"branchMap":{},"s":{"0":8,"1":8,"2":8,"3":8,"4":8,"5":8,"6":8},"f":{},"b":{},"_coverageSchema":"1a1c01bbd47fc00a2c39e90264f33305004495a9","hash":"e4ba5222892dc1097b9b11ac0238b02882b5f631"}
,"D:\\Rafael\\Hacktiv\\Phase3\\Final Project\\prototype\\x-match\\server\\routes\\eventRoutes.js": {"path":"D:\\Rafael\\Hacktiv\\Phase3\\Final Project\\prototype\\x-match\\server\\routes\\eventRoutes.js","statementMap":{"0":{"start":{"line":1,"column":16},"end":{"line":1,"column":34}},"1":{"start":{"line":2,"column":24},"end":{"line":2,"column":65}},"2":{"start":{"line":3,"column":13},"end":{"line":3,"column":43}},"3":{"start":{"line":4,"column":15},"end":{"line":4,"column":32}},"4":{"start":{"line":5,"column":15},"end":{"line":5,"column":43}},"5":{"start":{"line":7,"column":15},"end":{"line":7,"column":31}},"6":{"start":{"line":9,"column":0},"end":{"line":9,"column":55}},"7":{"start":{"line":10,"column":0},"end":{"line":10,"column":62}},"8":{"start":{"line":11,"column":0},"end":{"line":11,"column":89}},"9":{"start":{"line":12,"column":0},"end":{"line":12,"column":69}},"10":{"start":{"line":13,"column":0},"end":{"line":13,"column":68}},"11":{"start":{"line":14,"column":0},"end":{"line":14,"column":78}},"12":{"start":{"line":15,"column":0},"end":{"line":15,"column":91}},"13":{"start":{"line":17,"column":0},"end":{"line":17,"column":24}}},"fnMap":{},"branchMap":{},"s":{"0":8,"1":8,"2":8,"3":8,"4":8,"5":8,"6":8,"7":8,"8":8,"9":8,"10":8,"11":8,"12":8,"13":8},"f":{},"b":{},"_coverageSchema":"1a1c01bbd47fc00a2c39e90264f33305004495a9","hash":"f3dc87587a34c5fd0fd4f660faccc32cf89c6630"}
,"D:\\Rafael\\Hacktiv\\Phase3\\Final Project\\prototype\\x-match\\server\\routes\\userRoutes.js": {"path":"D:\\Rafael\\Hacktiv\\Phase3\\Final Project\\prototype\\x-match\\server\\routes\\userRoutes.js","statementMap":{"0":{"start":{"line":1,"column":16},"end":{"line":1,"column":34}},"1":{"start":{"line":2,"column":23},"end":{"line":2,"column":63}},"2":{"start":{"line":3,"column":13},"end":{"line":3,"column":43}},"3":{"start":{"line":4,"column":15},"end":{"line":4,"column":32}},"4":{"start":{"line":5,"column":15},"end":{"line":5,"column":43}},"5":{"start":{"line":7,"column":15},"end":{"line":7,"column":31}},"6":{"start":{"line":9,"column":0},"end":{"line":9,"column":50}},"7":{"start":{"line":10,"column":0},"end":{"line":10,"column":44}},"8":{"start":{"line":11,"column":0},"end":{"line":11,"column":57}},"9":{"start":{"line":12,"column":0},"end":{"line":12,"column":50}},"10":{"start":{"line":13,"column":0},"end":{"line":13,"column":79}},"11":{"start":{"line":14,"column":0},"end":{"line":14,"column":63}},"12":{"start":{"line":15,"column":0},"end":{"line":15,"column":72}},"13":{"start":{"line":16,"column":0},"end":{"line":16,"column":63}},"14":{"start":{"line":17,"column":0},"end":{"line":17,"column":68}},"15":{"start":{"line":18,"column":0},"end":{"line":18,"column":73}},"16":{"start":{"line":19,"column":0},"end":{"line":19,"column":80}},"17":{"start":{"line":20,"column":0},"end":{"line":20,"column":69}},"18":{"start":{"line":23,"column":0},"end":{"line":23,"column":24}}},"fnMap":{},"branchMap":{},"s":{"0":8,"1":8,"2":8,"3":8,"4":8,"5":8,"6":8,"7":8,"8":8,"9":8,"10":8,"11":8,"12":8,"13":8,"14":8,"15":8,"16":8,"17":8,"18":8},"f":{},"b":{},"_coverageSchema":"1a1c01bbd47fc00a2c39e90264f33305004495a9","hash":"944f992309e994463508e7c0fbe57a916828fcf5"}
}
