{"D:\\Rafael\\Hacktiv\\Phase3\\Final Project\\prototype\\x-match\\server\\app.js": {"path":"D:\\Rafael\\Hacktiv\\Phase3\\Final Project\\prototype\\x-match\\server\\app.js","statementMap":{"0":{"start":{"line":1,"column":16},"end":{"line":1,"column":34}},"1":{"start":{"line":2,"column":22},"end":{"line":2,"column":44}},"2":{"start":{"line":3,"column":19},"end":{"line":3,"column":49}},"3":{"start":{"line":4,"column":20},"end":{"line":4,"column":51}},"4":{"start":{"line":5,"column":19},"end":{"line":5,"column":49}},"5":{"start":{"line":6,"column":13},"end":{"line":6,"column":28}},"6":{"start":{"line":7,"column":17},"end":{"line":7,"column":37}},"7":{"start":{"line":8,"column":13},"end":{"line":8,"column":28}},"8":{"start":{"line":9,"column":14},"end":{"line":9,"column":34}},"9":{"start":{"line":10,"column":24},"end":{"line":10,"column":64}},"10":{"start":{"line":11,"column":23},"end":{"line":11,"column":62}},"11":{"start":{"line":13,"column":0},"end":{"line":13,"column":27}},"12":{"start":{"line":15,"column":12},"end":{"line":15,"column":21}},"13":{"start":{"line":16,"column":15},"end":{"line":16,"column":37}},"14":{"start":{"line":17,"column":11},"end":{"line":17,"column":27}},"15":{"start":{"line":20,"column":0},"end":{"line":20,"column":15}},"16":{"start":{"line":21,"column":0},"end":{"line":21,"column":24}},"17":{"start":{"line":22,"column":0},"end":{"line":22,"column":48}},"18":{"start":{"line":23,"column":0},"end":{"line":23,"column":20}},"19":{"start":{"line":24,"column":0},"end":{"line":24,"column":21}},"20":{"start":{"line":25,"column":0},"end":{"line":25,"column":20}},"21":{"start":{"line":28,"column":0},"end":{"line":43,"column":3}},"22":{"start":{"line":29,"column":2},"end":{"line":29,"column":38}},"23":{"start":{"line":31,"column":2},"end":{"line":33,"column":5}},"24":{"start":{"line":32,"column":4},"end":{"line":32,"column":25}},"25":{"start":{"line":35,"column":2},"end":{"line":38,"column":5}},"26":{"start":{"line":36,"column":23},"end":{"line":36,"column":68}},"27":{"start":{"line":37,"column":4},"end":{"line":37,"column":47}},"28":{"start":{"line":40,"column":2},"end":{"line":42,"column":5}},"29":{"start":{"line":41,"column":4},"end":{"line":41,"column":39}},"30":{"start":{"line":54,"column":20},"end":{"line":64,"column":1}},"31":{"start":{"line":55,"column":2},"end":{"line":63,"column":3}},"32":{"start":{"line":56,"column":4},"end":{"line":56,"column":22}},"33":{"start":{"line":57,"column":4},"end":{"line":57,"column":40}},"34":{"start":{"line":62,"column":4},"end":{"line":62,"column":57}},"35":{"start":{"line":66,"column":0},"end":{"line":66,"column":14}},"36":{"start":{"line":69,"column":0},"end":{"line":69,"column":20}}},"fnMap":{"0":{"name":"(anonymous_0)","decl":{"start":{"line":28,"column":20},"end":{"line":28,"column":21}},"loc":{"start":{"line":28,"column":32},"end":{"line":43,"column":1}},"line":28},"1":{"name":"(anonymous_1)","decl":{"start":{"line":31,"column":20},"end":{"line":31,"column":21}},"loc":{"start":{"line":31,"column":45},"end":{"line":33,"column":3}},"line":31},"2":{"name":"(anonymous_2)","decl":{"start":{"line":35,"column":27},"end":{"line":35,"column":28}},"loc":{"start":{"line":35,"column":78},"end":{"line":38,"column":3}},"line":35},"3":{"name":"(anonymous_3)","decl":{"start":{"line":40,"column":26},"end":{"line":40,"column":27}},"loc":{"start":{"line":40,"column":32},"end":{"line":42,"column":3}},"line":40},"4":{"name":"(anonymous_4)","decl":{"start":{"line":54,"column":20},"end":{"line":54,"column":21}},"loc":{"start":{"line":54,"column":32},"end":{"line":64,"column":1}},"line":54}},"branchMap":{},"s":{"0":8,"1":8,"2":8,"3":8,"4":8,"5":8,"6":8,"7":8,"8":8,"9":8,"10":8,"11":8,"12":8,"13":8,"14":8,"15":8,"16":8,"17":8,"18":8,"19":8,"20":8,"21":8,"22":0,"23":0,"24":0,"25":0,"26":0,"27":0,"28":0,"29":0,"30":8,"31":8,"32":8,"33":8,"34":0,"35":8,"36":8},"f":{"0":0,"1":0,"2":0,"3":0,"4":8},"b":{},"_coverageSchema":"1a1c01bbd47fc00a2c39e90264f33305004495a9","hash":"3c1d3e3f318a6f38feea3857dc743a6597e0ff95"}
,"D:\\Rafael\\Hacktiv\\Phase3\\Final Project\\prototype\\x-match\\server\\config\\cloudinary.js": {"path":"D:\\Rafael\\Hacktiv\\Phase3\\Final Project\\prototype\\x-match\\server\\config\\cloudinary.js","statementMap":{"0":{"start":{"line":1,"column":19},"end":{"line":1,"column":43}},"1":{"start":{"line":3,"column":0},"end":{"line":7,"column":3}},"2":{"start":{"line":9,"column":0},"end":{"line":9,"column":28}}},"fnMap":{},"branchMap":{},"s":{"0":8,"1":8,"2":8},"f":{},"b":{},"_coverageSchema":"1a1c01bbd47fc00a2c39e90264f33305004495a9","hash":"e758b84bbd76232f1773941fb7ce4dbe75192e1b"}
,"D:\\Rafael\\Hacktiv\\Phase3\\Final Project\\prototype\\x-match\\server\\config\\db.js": {"path":"D:\\Rafael\\Hacktiv\\Phase3\\Final Project\\prototype\\x-match\\server\\config\\db.js","statementMap":{"0":{"start":{"line":1,"column":24},"end":{"line":1,"column":42}},"1":{"start":{"line":2,"column":0},"end":{"line":2,"column":27}},"2":{"start":{"line":4,"column":15},"end":{"line":4,"column":53}},"3":{"start":{"line":8,"column":18},"end":{"line":11,"column":1}},"4":{"start":{"line":9,"column":2},"end":{"line":9,"column":25}},"5":{"start":{"line":10,"column":2},"end":{"line":10,"column":28}},"6":{"start":{"line":13,"column":14},"end":{"line":18,"column":1}},"7":{"start":{"line":14,"column":2},"end":{"line":16,"column":3}},"8":{"start":{"line":15,"column":4},"end":{"line":15,"column":46}},"9":{"start":{"line":17,"column":2},"end":{"line":17,"column":12}},"10":{"start":{"line":20,"column":0},"end":{"line":20,"column":38}}},"fnMap":{"0":{"name":"(anonymous_0)","decl":{"start":{"line":8,"column":18},"end":{"line":8,"column":19}},"loc":{"start":{"line":8,"column":30},"end":{"line":11,"column":1}},"line":8},"1":{"name":"(anonymous_1)","decl":{"start":{"line":13,"column":14},"end":{"line":13,"column":15}},"loc":{"start":{"line":13,"column":20},"end":{"line":18,"column":1}},"line":13}},"branchMap":{"0":{"loc":{"start":{"line":14,"column":2},"end":{"line":16,"column":3}},"type":"if","locations":[{"start":{"line":14,"column":2},"end":{"line":16,"column":3}},{"start":{},"end":{}}],"line":14}},"s":{"0":8,"1":8,"2":8,"3":8,"4":8,"5":8,"6":8,"7":36,"8":0,"9":36,"10":8},"f":{"0":8,"1":36},"b":{"0":[0,36]},"_coverageSchema":"1a1c01bbd47fc00a2c39e90264f33305004495a9","hash":"e06f2bb7af6f25e95816e6c5db240478972a6191"}
,"D:\\Rafael\\Hacktiv\\Phase3\\Final Project\\prototype\\x-match\\server\\controllers\\chatController.js": {"path":"D:\\Rafael\\Hacktiv\\Phase3\\Final Project\\prototype\\x-match\\server\\controllers\\chatController.js","statementMap":{"0":{"start":{"line":1,"column":21},"end":{"line":1,"column":39}},"1":{"start":{"line":2,"column":42},"end":{"line":2,"column":67}},"2":{"start":{"line":3,"column":19},"end":{"line":3,"column":50}},"3":{"start":{"line":4,"column":15},"end":{"line":4,"column":32}},"4":{"start":{"line":6,"column":16},"end":{"line":6,"column":38}},"5":{"start":{"line":7,"column":15},"end":{"line":7,"column":34}},"6":{"start":{"line":10,"column":23},"end":{"line":10,"column":45}},"7":{"start":{"line":13,"column":4},"end":{"line":47,"column":5}},"8":{"start":{"line":14,"column":35},"end":{"line":14,"column":43}},"9":{"start":{"line":15,"column":21},"end":{"line":15,"column":25}},"10":{"start":{"line":17,"column":6},"end":{"line":33,"column":7}},"11":{"start":{"line":18,"column":8},"end":{"line":18,"column":48}},"12":{"start":{"line":19,"column":23},"end":{"line":30,"column":10}},"13":{"start":{"line":20,"column":31},"end":{"line":28,"column":11}},"14":{"start":{"line":23,"column":14},"end":{"line":25,"column":15}},"15":{"start":{"line":24,"column":16},"end":{"line":24,"column":37}},"16":{"start":{"line":26,"column":14},"end":{"line":26,"column":30}},"17":{"start":{"line":29,"column":10},"end":{"line":29,"column":44}},"18":{"start":{"line":31,"column":8},"end":{"line":31,"column":37}},"19":{"start":{"line":32,"column":8},"end":{"line":32,"column":53}},"20":{"start":{"line":35,"column":19},"end":{"line":42,"column":8}},"21":{"start":{"line":43,"column":6},"end":{"line":43,"column":21}},"22":{"start":{"line":45,"column":6},"end":{"line":45,"column":49}},"23":{"start":{"line":46,"column":6},"end":{"line":46,"column":72}},"24":{"start":{"line":51,"column":4},"end":{"line":57,"column":5}},"25":{"start":{"line":52,"column":26},"end":{"line":52,"column":36}},"26":{"start":{"line":53,"column":20},"end":{"line":53,"column":52}},"27":{"start":{"line":54,"column":6},"end":{"line":54,"column":22}},"28":{"start":{"line":56,"column":6},"end":{"line":56,"column":70}},"29":{"start":{"line":61,"column":0},"end":{"line":61,"column":32}}},"fnMap":{"0":{"name":"(anonymous_0)","decl":{"start":{"line":12,"column":2},"end":{"line":12,"column":3}},"loc":{"start":{"line":12,"column":34},"end":{"line":48,"column":3}},"line":12},"1":{"name":"(anonymous_1)","decl":{"start":{"line":19,"column":41},"end":{"line":19,"column":42}},"loc":{"start":{"line":19,"column":62},"end":{"line":30,"column":9}},"line":19},"2":{"name":"(anonymous_2)","decl":{"start":{"line":22,"column":12},"end":{"line":22,"column":13}},"loc":{"start":{"line":22,"column":31},"end":{"line":27,"column":13}},"line":22},"3":{"name":"(anonymous_3)","decl":{"start":{"line":50,"column":2},"end":{"line":50,"column":3}},"loc":{"start":{"line":50,"column":34},"end":{"line":58,"column":3}},"line":50}},"branchMap":{"0":{"loc":{"start":{"line":17,"column":6},"end":{"line":33,"column":7}},"type":"if","locations":[{"start":{"line":17,"column":6},"end":{"line":33,"column":7}},{"start":{},"end":{}}],"line":17},"1":{"loc":{"start":{"line":23,"column":14},"end":{"line":25,"column":15}},"type":"if","locations":[{"start":{"line":23,"column":14},"end":{"line":25,"column":15}},{"start":{},"end":{}}],"line":23}},"s":{"0":8,"1":8,"2":8,"3":8,"4":8,"5":8,"6":8,"7":0,"8":0,"9":0,"10":0,"11":0,"12":0,"13":0,"14":0,"15":0,"16":0,"17":0,"18":0,"19":0,"20":0,"21":0,"22":0,"23":0,"24":0,"25":0,"26":0,"27":0,"28":0,"29":8},"f":{"0":0,"1":0,"2":0,"3":0},"b":{"0":[0,0],"1":[0,0]},"_coverageSchema":"1a1c01bbd47fc00a2c39e90264f33305004495a9","hash":"7a35f8debfc0eea823b14581512156e65f6cf27d"}
,"D:\\Rafael\\Hacktiv\\Phase3\\Final Project\\prototype\\x-match\\server\\controllers\\eventController.js": {"path":"D:\\Rafael\\Hacktiv\\Phase3\\Final Project\\prototype\\x-match\\server\\controllers\\eventController.js","statementMap":{"0":{"start":{"line":1,"column":21},"end":{"line":1,"column":39}},"1":{"start":{"line":2,"column":18},"end":{"line":2,"column":41}},"2":{"start":{"line":3,"column":19},"end":{"line":3,"column":43}},"3":{"start":{"line":4,"column":23},"end":{"line":4,"column":49}},"4":{"start":{"line":5,"column":14},"end":{"line":5,"column":30}},"5":{"start":{"line":9,"column":4},"end":{"line":15,"column":5}},"6":{"start":{"line":10,"column":17},"end":{"line":10,"column":24}},"7":{"start":{"line":11,"column":21},"end":{"line":11,"column":67}},"8":{"start":{"line":12,"column":6},"end":{"line":12,"column":23}},"9":{"start":{"line":14,"column":6},"end":{"line":14,"column":34}},"10":{"start":{"line":19,"column":4},"end":{"line":28,"column":5}},"11":{"start":{"line":20,"column":17},"end":{"line":20,"column":24}},"12":{"start":{"line":21,"column":20},"end":{"line":21,"column":100}},"13":{"start":{"line":22,"column":6},"end":{"line":24,"column":7}},"14":{"start":{"line":23,"column":8},"end":{"line":23,"column":68}},"15":{"start":{"line":25,"column":6},"end":{"line":25,"column":22}},"16":{"start":{"line":27,"column":6},"end":{"line":27,"column":34}},"17":{"start":{"line":32,"column":4},"end":{"line":63,"column":5}},"18":{"start":{"line":33,"column":6},"end":{"line":33,"column":40}},"19":{"start":{"line":34,"column":85},"end":{"line":34,"column":93}},"20":{"start":{"line":35,"column":21},"end":{"line":35,"column":68}},"21":{"start":{"line":36,"column":17},"end":{"line":36,"column":24}},"22":{"start":{"line":37,"column":21},"end":{"line":37,"column":60}},"23":{"start":{"line":38,"column":25},"end":{"line":38,"column":63}},"24":{"start":{"line":39,"column":20},"end":{"line":54,"column":7}},"25":{"start":{"line":55,"column":6},"end":{"line":55,"column":38}},"26":{"start":{"line":56,"column":6},"end":{"line":56,"column":37}},"27":{"start":{"line":58,"column":6},"end":{"line":58,"column":53}},"28":{"start":{"line":59,"column":6},"end":{"line":59,"column":22}},"29":{"start":{"line":61,"column":6},"end":{"line":61,"column":25}},"30":{"start":{"line":62,"column":6},"end":{"line":62,"column":34}},"31":{"start":{"line":67,"column":4},"end":{"line":86,"column":5}},"32":{"start":{"line":68,"column":17},"end":{"line":68,"column":24}},"33":{"start":{"line":69,"column":6},"end":{"line":69,"column":46}},"34":{"start":{"line":70,"column":20},"end":{"line":70,"column":100}},"35":{"start":{"line":71,"column":6},"end":{"line":73,"column":7}},"36":{"start":{"line":72,"column":8},"end":{"line":72,"column":68}},"37":{"start":{"line":74,"column":6},"end":{"line":76,"column":7}},"38":{"start":{"line":74,"column":39},"end":{"line":74,"column":58}},"39":{"start":{"line":75,"column":8},"end":{"line":75,"column":82}},"40":{"start":{"line":77,"column":6},"end":{"line":79,"column":7}},"41":{"start":{"line":78,"column":8},"end":{"line":78,"column":66}},"42":{"start":{"line":80,"column":6},"end":{"line":80,"column":38}},"43":{"start":{"line":81,"column":6},"end":{"line":81,"column":25}},"44":{"start":{"line":82,"column":6},"end":{"line":82,"column":125}},"45":{"start":{"line":83,"column":6},"end":{"line":83,"column":22}},"46":{"start":{"line":85,"column":6},"end":{"line":85,"column":34}},"47":{"start":{"line":91,"column":17},"end":{"line":97,"column":5}},"48":{"start":{"line":99,"column":4},"end":{"line":110,"column":5}},"49":{"start":{"line":100,"column":23},"end":{"line":106,"column":8}},"50":{"start":{"line":107,"column":6},"end":{"line":107,"column":60}},"51":{"start":{"line":109,"column":6},"end":{"line":109,"column":63}},"52":{"start":{"line":114,"column":4},"end":{"line":160,"column":5}},"53":{"start":{"line":115,"column":20},"end":{"line":115,"column":30}},"54":{"start":{"line":116,"column":26},"end":{"line":116,"column":73}},"55":{"start":{"line":117,"column":26},"end":{"line":117,"column":77}},"56":{"start":{"line":118,"column":17},"end":{"line":118,"column":30}},"57":{"start":{"line":119,"column":28},"end":{"line":119,"column":30}},"58":{"start":{"line":121,"column":24},"end":{"line":126,"column":18}},"59":{"start":{"line":128,"column":6},"end":{"line":154,"column":7}},"60":{"start":{"line":129,"column":8},"end":{"line":129,"column":37}},"61":{"start":{"line":130,"column":8},"end":{"line":130,"column":40}},"62":{"start":{"line":131,"column":24},"end":{"line":131,"column":42}},"63":{"start":{"line":132,"column":8},"end":{"line":132,"column":41}},"64":{"start":{"line":134,"column":21},"end":{"line":134,"column":62}},"65":{"start":{"line":135,"column":8},"end":{"line":153,"column":9}},"66":{"start":{"line":136,"column":21},"end":{"line":136,"column":43}},"67":{"start":{"line":137,"column":23},"end":{"line":137,"column":72}},"68":{"start":{"line":138,"column":10},"end":{"line":140,"column":11}},"69":{"start":{"line":139,"column":12},"end":{"line":139,"column":115}},"70":{"start":{"line":141,"column":10},"end":{"line":152,"column":12}},"71":{"start":{"line":156,"column":15},"end":{"line":156,"column":40}},"72":{"start":{"line":157,"column":6},"end":{"line":157,"column":68}},"73":{"start":{"line":159,"column":6},"end":{"line":159,"column":51}},"74":{"start":{"line":164,"column":4},"end":{"line":201,"column":5}},"75":{"start":{"line":165,"column":20},"end":{"line":165,"column":30}},"76":{"start":{"line":166,"column":24},"end":{"line":166,"column":34}},"77":{"start":{"line":167,"column":6},"end":{"line":167,"column":45}},"78":{"start":{"line":168,"column":23},"end":{"line":168,"column":33}},"79":{"start":{"line":169,"column":6},"end":{"line":169,"column":44}},"80":{"start":{"line":170,"column":17},"end":{"line":170,"column":30}},"81":{"start":{"line":171,"column":20},"end":{"line":171,"column":65}},"82":{"start":{"line":172,"column":6},"end":{"line":198,"column":7}},"83":{"start":{"line":173,"column":21},"end":{"line":173,"column":26}},"84":{"start":{"line":174,"column":27},"end":{"line":174,"column":29}},"85":{"start":{"line":175,"column":28},"end":{"line":175,"column":51}},"86":{"start":{"line":176,"column":8},"end":{"line":182,"column":9}},"87":{"start":{"line":176,"column":21},"end":{"line":176,"column":22}},"88":{"start":{"line":177,"column":31},"end":{"line":177,"column":47}},"89":{"start":{"line":178,"column":10},"end":{"line":181,"column":11}},"90":{"start":{"line":179,"column":12},"end":{"line":179,"column":26}},"91":{"start":{"line":180,"column":12},"end":{"line":180,"column":31}},"92":{"start":{"line":183,"column":25},"end":{"line":183,"column":88}},"93":{"start":{"line":183,"column":60},"end":{"line":183,"column":87}},"94":{"start":{"line":184,"column":8},"end":{"line":197,"column":9}},"95":{"start":{"line":185,"column":10},"end":{"line":196,"column":12}},"96":{"start":{"line":200,"column":6},"end":{"line":200,"column":25}},"97":{"start":{"line":205,"column":4},"end":{"line":262,"column":5}},"98":{"start":{"line":206,"column":22},"end":{"line":206,"column":30}},"99":{"start":{"line":207,"column":26},"end":{"line":207,"column":36}},"100":{"start":{"line":208,"column":21},"end":{"line":208,"column":38}},"101":{"start":{"line":209,"column":17},"end":{"line":209,"column":30}},"102":{"start":{"line":211,"column":6},"end":{"line":211,"column":37}},"103":{"start":{"line":212,"column":6},"end":{"line":212,"column":42}},"104":{"start":{"line":214,"column":19},"end":{"line":214,"column":72}},"105":{"start":{"line":215,"column":28},"end":{"line":215,"column":51}},"106":{"start":{"line":216,"column":6},"end":{"line":216,"column":88}},"107":{"start":{"line":218,"column":20},"end":{"line":218,"column":93}},"108":{"start":{"line":218,"column":51},"end":{"line":218,"column":92}},"109":{"start":{"line":220,"column":6},"end":{"line":222,"column":7}},"110":{"start":{"line":221,"column":8},"end":{"line":221,"column":39}},"111":{"start":{"line":224,"column":6},"end":{"line":224,"column":87}},"112":{"start":{"line":226,"column":6},"end":{"line":233,"column":8}},"113":{"start":{"line":235,"column":20},"end":{"line":235,"column":89}},"114":{"start":{"line":236,"column":5},"end":{"line":236,"column":37}},"115":{"start":{"line":237,"column":6},"end":{"line":240,"column":7}},"116":{"start":{"line":238,"column":8},"end":{"line":238,"column":39}},"117":{"start":{"line":239,"column":8},"end":{"line":239,"column":68}},"118":{"start":{"line":241,"column":6},"end":{"line":241,"column":82}},"119":{"start":{"line":243,"column":26},"end":{"line":243,"column":75}},"120":{"start":{"line":243,"column":56},"end":{"line":243,"column":74}},"121":{"start":{"line":244,"column":6},"end":{"line":246,"column":7}},"122":{"start":{"line":245,"column":8},"end":{"line":245,"column":44}},"123":{"start":{"line":247,"column":6},"end":{"line":247,"column":81}},"124":{"start":{"line":249,"column":6},"end":{"line":256,"column":8}},"125":{"start":{"line":258,"column":6},"end":{"line":258,"column":94}},"126":{"start":{"line":260,"column":6},"end":{"line":260,"column":53}},"127":{"start":{"line":261,"column":6},"end":{"line":261,"column":95}},"128":{"start":{"line":268,"column":4},"end":{"line":311,"column":5}},"129":{"start":{"line":269,"column":34},"end":{"line":269,"column":42}},"130":{"start":{"line":270,"column":17},"end":{"line":270,"column":24}},"131":{"start":{"line":271,"column":20},"end":{"line":271,"column":89}},"132":{"start":{"line":272,"column":6},"end":{"line":274,"column":7}},"133":{"start":{"line":273,"column":8},"end":{"line":273,"column":68}},"134":{"start":{"line":276,"column":19},"end":{"line":280,"column":8}},"135":{"start":{"line":282,"column":24},"end":{"line":294,"column":7}},"136":{"start":{"line":296,"column":26},"end":{"line":296,"column":65}},"137":{"start":{"line":297,"column":30},"end":{"line":305,"column":7}},"138":{"start":{"line":306,"column":6},"end":{"line":306,"column":69}},"139":{"start":{"line":307,"column":6},"end":{"line":307,"column":47}},"140":{"start":{"line":308,"column":6},"end":{"line":308,"column":45}},"141":{"start":{"line":310,"column":6},"end":{"line":310,"column":34}},"142":{"start":{"line":315,"column":4},"end":{"line":339,"column":5}},"143":{"start":{"line":316,"column":47},"end":{"line":316,"column":55}},"144":{"start":{"line":317,"column":6},"end":{"line":317,"column":112}},"145":{"start":{"line":318,"column":17},"end":{"line":318,"column":24}},"146":{"start":{"line":320,"column":26},"end":{"line":320,"column":92}},"147":{"start":{"line":321,"column":6},"end":{"line":323,"column":7}},"148":{"start":{"line":322,"column":8},"end":{"line":322,"column":74}},"149":{"start":{"line":324,"column":8},"end":{"line":327,"column":8}},"150":{"start":{"line":328,"column":6},"end":{"line":333,"column":7}},"151":{"start":{"line":329,"column":8},"end":{"line":332,"column":10}},"152":{"start":{"line":335,"column":6},"end":{"line":335,"column":70}},"153":{"start":{"line":337,"column":6},"end":{"line":337,"column":25}},"154":{"start":{"line":338,"column":6},"end":{"line":338,"column":34}},"155":{"start":{"line":344,"column":0},"end":{"line":344,"column":33}}},"fnMap":{"0":{"name":"(anonymous_0)","decl":{"start":{"line":8,"column":2},"end":{"line":8,"column":3}},"loc":{"start":{"line":8,"column":35},"end":{"line":16,"column":3}},"line":8},"1":{"name":"(anonymous_1)","decl":{"start":{"line":18,"column":2},"end":{"line":18,"column":3}},"loc":{"start":{"line":18,"column":34},"end":{"line":29,"column":3}},"line":18},"2":{"name":"(anonymous_2)","decl":{"start":{"line":31,"column":2},"end":{"line":31,"column":3}},"loc":{"start":{"line":31,"column":37},"end":{"line":64,"column":3}},"line":31},"3":{"name":"(anonymous_3)","decl":{"start":{"line":66,"column":2},"end":{"line":66,"column":3}},"loc":{"start":{"line":66,"column":35},"end":{"line":87,"column":3}},"line":66},"4":{"name":"(anonymous_4)","decl":{"start":{"line":74,"column":27},"end":{"line":74,"column":28}},"loc":{"start":{"line":74,"column":39},"end":{"line":74,"column":58}},"line":74},"5":{"name":"(anonymous_5)","decl":{"start":{"line":90,"column":2},"end":{"line":90,"column":3}},"loc":{"start":{"line":90,"column":52},"end":{"line":111,"column":3}},"line":90},"6":{"name":"(anonymous_6)","decl":{"start":{"line":113,"column":2},"end":{"line":113,"column":3}},"loc":{"start":{"line":113,"column":28},"end":{"line":161,"column":3}},"line":113},"7":{"name":"(anonymous_7)","decl":{"start":{"line":163,"column":2},"end":{"line":163,"column":3}},"loc":{"start":{"line":163,"column":35},"end":{"line":202,"column":3}},"line":163},"8":{"name":"(anonymous_8)","decl":{"start":{"line":183,"column":46},"end":{"line":183,"column":47}},"loc":{"start":{"line":183,"column":60},"end":{"line":183,"column":87}},"line":183},"9":{"name":"(anonymous_9)","decl":{"start":{"line":204,"column":2},"end":{"line":204,"column":3}},"loc":{"start":{"line":204,"column":44},"end":{"line":263,"column":3}},"line":204},"10":{"name":"(anonymous_10)","decl":{"start":{"line":218,"column":44},"end":{"line":218,"column":45}},"loc":{"start":{"line":218,"column":51},"end":{"line":218,"column":92}},"line":218},"11":{"name":"(anonymous_11)","decl":{"start":{"line":243,"column":49},"end":{"line":243,"column":50}},"loc":{"start":{"line":243,"column":56},"end":{"line":243,"column":74}},"line":243},"12":{"name":"(anonymous_12)","decl":{"start":{"line":267,"column":2},"end":{"line":267,"column":3}},"loc":{"start":{"line":267,"column":43},"end":{"line":312,"column":3}},"line":267},"13":{"name":"(anonymous_13)","decl":{"start":{"line":314,"column":2},"end":{"line":314,"column":3}},"loc":{"start":{"line":314,"column":55},"end":{"line":340,"column":3}},"line":314}},"branchMap":{"0":{"loc":{"start":{"line":22,"column":6},"end":{"line":24,"column":7}},"type":"if","locations":[{"start":{"line":22,"column":6},"end":{"line":24,"column":7}},{"start":{},"end":{}}],"line":22},"1":{"loc":{"start":{"line":37,"column":21},"end":{"line":37,"column":60}},"type":"binary-expr","locations":[{"start":{"line":37,"column":21},"end":{"line":37,"column":40}},{"start":{"line":37,"column":44},"end":{"line":37,"column":60}}],"line":37},"2":{"loc":{"start":{"line":38,"column":25},"end":{"line":38,"column":63}},"type":"cond-expr","locations":[{"start":{"line":38,"column":34},"end":{"line":38,"column":40}},{"start":{"line":38,"column":43},"end":{"line":38,"column":63}}],"line":38},"3":{"loc":{"start":{"line":71,"column":6},"end":{"line":73,"column":7}},"type":"if","locations":[{"start":{"line":71,"column":6},"end":{"line":73,"column":7}},{"start":{},"end":{}}],"line":71},"4":{"loc":{"start":{"line":74,"column":6},"end":{"line":76,"column":7}},"type":"if","locations":[{"start":{"line":74,"column":6},"end":{"line":76,"column":7}},{"start":{},"end":{}}],"line":74},"5":{"loc":{"start":{"line":77,"column":6},"end":{"line":79,"column":7}},"type":"if","locations":[{"start":{"line":77,"column":6},"end":{"line":79,"column":7}},{"start":{},"end":{}}],"line":77},"6":{"loc":{"start":{"line":131,"column":24},"end":{"line":131,"column":42}},"type":"binary-expr","locations":[{"start":{"line":131,"column":24},"end":{"line":131,"column":36}},{"start":{"line":131,"column":40},"end":{"line":131,"column":42}}],"line":131},"7":{"loc":{"start":{"line":138,"column":10},"end":{"line":140,"column":11}},"type":"if","locations":[{"start":{"line":138,"column":10},"end":{"line":140,"column":11}},{"start":{},"end":{}}],"line":138},"8":{"loc":{"start":{"line":175,"column":28},"end":{"line":175,"column":51}},"type":"binary-expr","locations":[{"start":{"line":175,"column":28},"end":{"line":175,"column":45}},{"start":{"line":175,"column":49},"end":{"line":175,"column":51}}],"line":175},"9":{"loc":{"start":{"line":178,"column":10},"end":{"line":181,"column":11}},"type":"if","locations":[{"start":{"line":178,"column":10},"end":{"line":181,"column":11}},{"start":{},"end":{}}],"line":178},"10":{"loc":{"start":{"line":184,"column":8},"end":{"line":197,"column":9}},"type":"if","locations":[{"start":{"line":184,"column":8},"end":{"line":197,"column":9}},{"start":{},"end":{}}],"line":184},"11":{"loc":{"start":{"line":215,"column":28},"end":{"line":215,"column":51}},"type":"binary-expr","locations":[{"start":{"line":215,"column":28},"end":{"line":215,"column":45}},{"start":{"line":215,"column":49},"end":{"line":215,"column":51}}],"line":215},"12":{"loc":{"start":{"line":220,"column":6},"end":{"line":222,"column":7}},"type":"if","locations":[{"start":{"line":220,"column":6},"end":{"line":222,"column":7}},{"start":{},"end":{}}],"line":220},"13":{"loc":{"start":{"line":237,"column":6},"end":{"line":240,"column":7}},"type":"if","locations":[{"start":{"line":237,"column":6},"end":{"line":240,"column":7}},{"start":{},"end":{}}],"line":237},"14":{"loc":{"start":{"line":244,"column":6},"end":{"line":246,"column":7}},"type":"if","locations":[{"start":{"line":244,"column":6},"end":{"line":246,"column":7}},{"start":{},"end":{}}],"line":244},"15":{"loc":{"start":{"line":272,"column":6},"end":{"line":274,"column":7}},"type":"if","locations":[{"start":{"line":272,"column":6},"end":{"line":274,"column":7}},{"start":{},"end":{}}],"line":272},"16":{"loc":{"start":{"line":321,"column":6},"end":{"line":323,"column":7}},"type":"if","locations":[{"start":{"line":321,"column":6},"end":{"line":323,"column":7}},{"start":{},"end":{}}],"line":321},"17":{"loc":{"start":{"line":328,"column":6},"end":{"line":333,"column":7}},"type":"if","locations":[{"start":{"line":328,"column":6},"end":{"line":333,"column":7}},{"start":{},"end":{}}],"line":328}},"s":{"0":8,"1":8,"2":8,"3":8,"4":8,"5":1,"6":1,"7":1,"8":1,"9":0,"10":2,"11":2,"12":2,"13":2,"14":1,"15":1,"16":0,"17":1,"18":1,"19":1,"20":1,"21":1,"22":1,"23":1,"24":1,"25":1,"26":1,"27":1,"28":1,"29":0,"30":0,"31":5,"32":5,"33":5,"34":5,"35":5,"36":1,"37":4,"38":4,"39":1,"40":3,"41":1,"42":2,"43":2,"44":2,"45":2,"46":0,"47":0,"48":0,"49":0,"50":0,"51":0,"52":0,"53":0,"54":0,"55":0,"56":0,"57":0,"58":0,"59":0,"60":0,"61":0,"62":0,"63":0,"64":0,"65":0,"66":0,"67":0,"68":0,"69":0,"70":0,"71":0,"72":0,"73":0,"74":0,"75":0,"76":0,"77":0,"78":0,"79":0,"80":0,"81":0,"82":0,"83":0,"84":0,"85":0,"86":0,"87":0,"88":0,"89":0,"90":0,"91":0,"92":0,"93":0,"94":0,"95":0,"96":0,"97":2,"98":2,"99":2,"100":2,"101":2,"102":2,"103":2,"104":2,"105":2,"106":2,"107":2,"108":2,"109":2,"110":1,"111":2,"112":2,"113":2,"114":2,"115":2,"116":1,"117":1,"118":1,"119":1,"120":0,"121":1,"122":0,"123":1,"124":1,"125":1,"126":0,"127":0,"128":5,"129":5,"130":5,"131":5,"132":5,"133":2,"134":3,"135":3,"136":3,"137":3,"138":3,"139":3,"140":3,"141":0,"142":2,"143":2,"144":2,"145":2,"146":2,"147":2,"148":1,"149":1,"150":1,"151":1,"152":1,"153":0,"154":0,"155":8},"f":{"0":1,"1":2,"2":1,"3":5,"4":4,"5":0,"6":0,"7":0,"8":0,"9":2,"10":2,"11":0,"12":5,"13":2},"b":{"0":[1,1],"1":[1,1],"2":[0,1],"3":[1,4],"4":[1,3],"5":[1,2],"6":[0,0],"7":[0,0],"8":[0,0],"9":[0,0],"10":[0,0],"11":[2,0],"12":[1,1],"13":[1,1],"14":[0,1],"15":[2,3],"16":[1,1],"17":[1,0]},"_coverageSchema":"1a1c01bbd47fc00a2c39e90264f33305004495a9","hash":"04670b95dc7a49ab3dce5272dae7d0bc1185d805"}
,"D:\\Rafael\\Hacktiv\\Phase3\\Final Project\\prototype\\x-match\\server\\controllers\\userController.js": {"path":"D:\\Rafael\\Hacktiv\\Phase3\\Final Project\\prototype\\x-match\\server\\controllers\\userController.js","statementMap":{"0":{"start":{"line":1,"column":15},"end":{"line":1,"column":34}},"1":{"start":{"line":2,"column":12},"end":{"line":2,"column":35}},"2":{"start":{"line":3,"column":21},"end":{"line":3,"column":39}},"3":{"start":{"line":4,"column":18},"end":{"line":4,"column":41}},"4":{"start":{"line":5,"column":19},"end":{"line":5,"column":43}},"5":{"start":{"line":6,"column":25},"end":{"line":6,"column":55}},"6":{"start":{"line":8,"column":0},"end":{"line":12,"column":3}},"7":{"start":{"line":14,"column":15},"end":{"line":14,"column":61}},"8":{"start":{"line":18,"column":4},"end":{"line":48,"column":5}},"9":{"start":{"line":19,"column":6},"end":{"line":19,"column":55}},"10":{"start":{"line":20,"column":44},"end":{"line":20,"column":52}},"11":{"start":{"line":21,"column":6},"end":{"line":21,"column":48}},"12":{"start":{"line":22,"column":29},"end":{"line":22,"column":59}},"13":{"start":{"line":23,"column":17},"end":{"line":23,"column":24}},"14":{"start":{"line":24,"column":19},"end":{"line":35,"column":7}},"15":{"start":{"line":36,"column":6},"end":{"line":36,"column":51}},"16":{"start":{"line":37,"column":20},"end":{"line":37,"column":92}},"17":{"start":{"line":38,"column":6},"end":{"line":45,"column":9}},"18":{"start":{"line":47,"column":6},"end":{"line":47,"column":34}},"19":{"start":{"line":52,"column":22},"end":{"line":52,"column":30}},"20":{"start":{"line":54,"column":4},"end":{"line":94,"column":5}},"21":{"start":{"line":55,"column":21},"end":{"line":58,"column":8}},"22":{"start":{"line":60,"column":22},"end":{"line":60,"column":41}},"23":{"start":{"line":61,"column":30},"end":{"line":61,"column":37}},"24":{"start":{"line":63,"column":17},"end":{"line":63,"column":24}},"25":{"start":{"line":64,"column":17},"end":{"line":64,"column":64}},"26":{"start":{"line":66,"column":6},"end":{"line":80,"column":7}},"27":{"start":{"line":67,"column":8},"end":{"line":78,"column":10}},"28":{"start":{"line":79,"column":8},"end":{"line":79,"column":53}},"29":{"start":{"line":82,"column":23},"end":{"line":82,"column":95}},"30":{"start":{"line":84,"column":6},"end":{"line":91,"column":9}},"31":{"start":{"line":93,"column":6},"end":{"line":93,"column":34}},"32":{"start":{"line":98,"column":4},"end":{"line":120,"column":5}},"33":{"start":{"line":99,"column":34},"end":{"line":99,"column":42}},"34":{"start":{"line":100,"column":17},"end":{"line":100,"column":24}},"35":{"start":{"line":101,"column":19},"end":{"line":101,"column":66}},"36":{"start":{"line":102,"column":6},"end":{"line":104,"column":7}},"37":{"start":{"line":103,"column":8},"end":{"line":103,"column":75}},"38":{"start":{"line":105,"column":22},"end":{"line":105,"column":67}},"39":{"start":{"line":106,"column":6},"end":{"line":108,"column":7}},"40":{"start":{"line":107,"column":8},"end":{"line":107,"column":75}},"41":{"start":{"line":109,"column":20},"end":{"line":109,"column":92}},"42":{"start":{"line":110,"column":6},"end":{"line":117,"column":9}},"43":{"start":{"line":119,"column":6},"end":{"line":119,"column":34}},"44":{"start":{"line":124,"column":4},"end":{"line":124,"column":23}},"45":{"start":{"line":128,"column":4},"end":{"line":145,"column":5}},"46":{"start":{"line":129,"column":17},"end":{"line":129,"column":24}},"47":{"start":{"line":130,"column":22},"end":{"line":130,"column":43}},"48":{"start":{"line":131,"column":25},"end":{"line":131,"column":27}},"49":{"start":{"line":132,"column":6},"end":{"line":132,"column":71}},"50":{"start":{"line":132,"column":32},"end":{"line":132,"column":69}},"51":{"start":{"line":134,"column":6},"end":{"line":137,"column":7}},"52":{"start":{"line":135,"column":23},"end":{"line":135,"column":70}},"53":{"start":{"line":136,"column":8},"end":{"line":136,"column":46}},"54":{"start":{"line":139,"column":6},"end":{"line":139,"column":40}},"55":{"start":{"line":140,"column":6},"end":{"line":140,"column":104}},"56":{"start":{"line":141,"column":26},"end":{"line":141,"column":99}},"57":{"start":{"line":142,"column":6},"end":{"line":142,"column":28}},"58":{"start":{"line":144,"column":6},"end":{"line":144,"column":34}},"59":{"start":{"line":149,"column":4},"end":{"line":155,"column":5}},"60":{"start":{"line":150,"column":17},"end":{"line":150,"column":24}},"61":{"start":{"line":151,"column":21},"end":{"line":151,"column":91}},"62":{"start":{"line":152,"column":6},"end":{"line":152,"column":23}},"63":{"start":{"line":154,"column":6},"end":{"line":154,"column":34}},"64":{"start":{"line":159,"column":4},"end":{"line":192,"column":5}},"65":{"start":{"line":160,"column":20},"end":{"line":160,"column":30}},"66":{"start":{"line":161,"column":24},"end":{"line":161,"column":34}},"67":{"start":{"line":162,"column":6},"end":{"line":162,"column":45}},"68":{"start":{"line":163,"column":17},"end":{"line":163,"column":30}},"69":{"start":{"line":164,"column":26},"end":{"line":164,"column":28}},"70":{"start":{"line":165,"column":20},"end":{"line":171,"column":18}},"71":{"start":{"line":172,"column":6},"end":{"line":189,"column":7}},"72":{"start":{"line":173,"column":8},"end":{"line":173,"column":38}},"73":{"start":{"line":174,"column":13},"end":{"line":189,"column":7}},"74":{"start":{"line":175,"column":8},"end":{"line":187,"column":11}},"75":{"start":{"line":176,"column":10},"end":{"line":176,"column":39}},"76":{"start":{"line":177,"column":22},"end":{"line":177,"column":30}},"77":{"start":{"line":178,"column":10},"end":{"line":186,"column":12}},"78":{"start":{"line":188,"column":8},"end":{"line":188,"column":92}},"79":{"start":{"line":191,"column":6},"end":{"line":191,"column":42}},"80":{"start":{"line":196,"column":4},"end":{"line":223,"column":5}},"81":{"start":{"line":197,"column":25},"end":{"line":197,"column":35}},"82":{"start":{"line":198,"column":17},"end":{"line":198,"column":37}},"83":{"start":{"line":199,"column":20},"end":{"line":199,"column":30}},"84":{"start":{"line":200,"column":23},"end":{"line":200,"column":33}},"85":{"start":{"line":201,"column":6},"end":{"line":201,"column":44}},"86":{"start":{"line":202,"column":17},"end":{"line":202,"column":30}},"87":{"start":{"line":203,"column":22},"end":{"line":213,"column":7}},"88":{"start":{"line":214,"column":6},"end":{"line":216,"column":7}},"89":{"start":{"line":215,"column":8},"end":{"line":215,"column":40}},"90":{"start":{"line":217,"column":6},"end":{"line":219,"column":9}},"91":{"start":{"line":221,"column":6},"end":{"line":221,"column":25}},"92":{"start":{"line":222,"column":6},"end":{"line":222,"column":63}},"93":{"start":{"line":228,"column":4},"end":{"line":234,"column":5}},"94":{"start":{"line":229,"column":17},"end":{"line":229,"column":24}},"95":{"start":{"line":230,"column":21},"end":{"line":230,"column":91}},"96":{"start":{"line":231,"column":6},"end":{"line":231,"column":23}},"97":{"start":{"line":233,"column":6},"end":{"line":233,"column":34}},"98":{"start":{"line":238,"column":4},"end":{"line":244,"column":5}},"99":{"start":{"line":239,"column":17},"end":{"line":239,"column":24}},"100":{"start":{"line":240,"column":19},"end":{"line":240,"column":92}},"101":{"start":{"line":241,"column":6},"end":{"line":241,"column":34}},"102":{"start":{"line":243,"column":6},"end":{"line":243,"column":78}},"103":{"start":{"line":249,"column":4},"end":{"line":277,"column":5}},"104":{"start":{"line":250,"column":22},"end":{"line":250,"column":30}},"105":{"start":{"line":251,"column":26},"end":{"line":251,"column":36}},"106":{"start":{"line":252,"column":17},"end":{"line":252,"column":30}},"107":{"start":{"line":253,"column":19},"end":{"line":253,"column":64}},"108":{"start":{"line":254,"column":28},"end":{"line":254,"column":45}},"109":{"start":{"line":255,"column":6},"end":{"line":255,"column":51}},"110":{"start":{"line":256,"column":25},"end":{"line":259,"column":7}},"111":{"start":{"line":257,"column":8},"end":{"line":257,"column":65}},"112":{"start":{"line":260,"column":6},"end":{"line":264,"column":7}},"113":{"start":{"line":261,"column":8},"end":{"line":263,"column":10}},"114":{"start":{"line":265,"column":6},"end":{"line":265,"column":41}},"115":{"start":{"line":266,"column":26},"end":{"line":271,"column":7}},"116":{"start":{"line":272,"column":6},"end":{"line":274,"column":8}},"117":{"start":{"line":276,"column":6},"end":{"line":276,"column":62}},"118":{"start":{"line":281,"column":4},"end":{"line":294,"column":5}},"119":{"start":{"line":282,"column":21},"end":{"line":282,"column":33}},"120":{"start":{"line":283,"column":24},"end":{"line":283,"column":32}},"121":{"start":{"line":285,"column":17},"end":{"line":285,"column":30}},"122":{"start":{"line":286,"column":6},"end":{"line":289,"column":8}},"123":{"start":{"line":291,"column":6},"end":{"line":291,"column":73}},"124":{"start":{"line":293,"column":6},"end":{"line":293,"column":63}},"125":{"start":{"line":300,"column":0},"end":{"line":300,"column":32}}},"fnMap":{"0":{"name":"(anonymous_0)","decl":{"start":{"line":17,"column":2},"end":{"line":17,"column":3}},"loc":{"start":{"line":17,"column":34},"end":{"line":49,"column":3}},"line":17},"1":{"name":"(anonymous_1)","decl":{"start":{"line":51,"column":2},"end":{"line":51,"column":3}},"loc":{"start":{"line":51,"column":37},"end":{"line":95,"column":3}},"line":51},"2":{"name":"(anonymous_2)","decl":{"start":{"line":97,"column":2},"end":{"line":97,"column":3}},"loc":{"start":{"line":97,"column":31},"end":{"line":121,"column":3}},"line":97},"3":{"name":"(anonymous_3)","decl":{"start":{"line":123,"column":2},"end":{"line":123,"column":3}},"loc":{"start":{"line":123,"column":33},"end":{"line":125,"column":3}},"line":123},"4":{"name":"(anonymous_4)","decl":{"start":{"line":127,"column":2},"end":{"line":127,"column":3}},"loc":{"start":{"line":127,"column":36},"end":{"line":146,"column":3}},"line":127},"5":{"name":"(anonymous_5)","decl":{"start":{"line":132,"column":22},"end":{"line":132,"column":23}},"loc":{"start":{"line":132,"column":32},"end":{"line":132,"column":69}},"line":132},"6":{"name":"(anonymous_6)","decl":{"start":{"line":148,"column":2},"end":{"line":148,"column":3}},"loc":{"start":{"line":148,"column":39},"end":{"line":156,"column":3}},"line":148},"7":{"name":"(anonymous_7)","decl":{"start":{"line":158,"column":2},"end":{"line":158,"column":3}},"loc":{"start":{"line":158,"column":29},"end":{"line":193,"column":3}},"line":158},"8":{"name":"(anonymous_8)","decl":{"start":{"line":175,"column":22},"end":{"line":175,"column":23}},"loc":{"start":{"line":175,"column":38},"end":{"line":187,"column":9}},"line":175},"9":{"name":"(anonymous_9)","decl":{"start":{"line":195,"column":2},"end":{"line":195,"column":3}},"loc":{"start":{"line":195,"column":39},"end":{"line":224,"column":3}},"line":195},"10":{"name":"(anonymous_10)","decl":{"start":{"line":227,"column":2},"end":{"line":227,"column":3}},"loc":{"start":{"line":227,"column":41},"end":{"line":235,"column":3}},"line":227},"11":{"name":"(anonymous_11)","decl":{"start":{"line":237,"column":2},"end":{"line":237,"column":3}},"loc":{"start":{"line":237,"column":42},"end":{"line":245,"column":3}},"line":237},"12":{"name":"(anonymous_12)","decl":{"start":{"line":247,"column":2},"end":{"line":247,"column":3}},"loc":{"start":{"line":247,"column":46},"end":{"line":278,"column":3}},"line":247},"13":{"name":"(anonymous_13)","decl":{"start":{"line":256,"column":49},"end":{"line":256,"column":50}},"loc":{"start":{"line":256,"column":65},"end":{"line":258,"column":7}},"line":256},"14":{"name":"(anonymous_14)","decl":{"start":{"line":280,"column":2},"end":{"line":280,"column":3}},"loc":{"start":{"line":280,"column":39},"end":{"line":295,"column":3}},"line":280}},"branchMap":{"0":{"loc":{"start":{"line":66,"column":6},"end":{"line":80,"column":7}},"type":"if","locations":[{"start":{"line":66,"column":6},"end":{"line":80,"column":7}},{"start":{},"end":{}}],"line":66},"1":{"loc":{"start":{"line":102,"column":6},"end":{"line":104,"column":7}},"type":"if","locations":[{"start":{"line":102,"column":6},"end":{"line":104,"column":7}},{"start":{},"end":{}}],"line":102},"2":{"loc":{"start":{"line":106,"column":6},"end":{"line":108,"column":7}},"type":"if","locations":[{"start":{"line":106,"column":6},"end":{"line":108,"column":7}},{"start":{},"end":{}}],"line":106},"3":{"loc":{"start":{"line":134,"column":6},"end":{"line":137,"column":7}},"type":"if","locations":[{"start":{"line":134,"column":6},"end":{"line":137,"column":7}},{"start":{},"end":{}}],"line":134},"4":{"loc":{"start":{"line":172,"column":6},"end":{"line":189,"column":7}},"type":"if","locations":[{"start":{"line":172,"column":6},"end":{"line":189,"column":7}},{"start":{"line":174,"column":13},"end":{"line":189,"column":7}}],"line":172},"5":{"loc":{"start":{"line":174,"column":13},"end":{"line":189,"column":7}},"type":"if","locations":[{"start":{"line":174,"column":13},"end":{"line":189,"column":7}},{"start":{},"end":{}}],"line":174},"6":{"loc":{"start":{"line":214,"column":6},"end":{"line":216,"column":7}},"type":"if","locations":[{"start":{"line":214,"column":6},"end":{"line":216,"column":7}},{"start":{},"end":{}}],"line":214},"7":{"loc":{"start":{"line":260,"column":6},"end":{"line":264,"column":7}},"type":"if","locations":[{"start":{"line":260,"column":6},"end":{"line":264,"column":7}},{"start":{},"end":{}}],"line":260}},"s":{"0":8,"1":8,"2":8,"3":8,"4":8,"5":8,"6":8,"7":8,"8":0,"9":0,"10":0,"11":0,"12":0,"13":0,"14":0,"15":0,"16":0,"17":0,"18":0,"19":0,"20":0,"21":0,"22":0,"23":0,"24":0,"25":0,"26":0,"27":0,"28":0,"29":0,"30":0,"31":0,"32":0,"33":0,"34":0,"35":0,"36":0,"37":0,"38":0,"39":0,"40":0,"41":0,"42":0,"43":0,"44":0,"45":0,"46":0,"47":0,"48":0,"49":0,"50":0,"51":0,"52":0,"53":0,"54":0,"55":0,"56":0,"57":0,"58":0,"59":0,"60":0,"61":0,"62":0,"63":0,"64":0,"65":0,"66":0,"67":0,"68":0,"69":0,"70":0,"71":0,"72":0,"73":0,"74":0,"75":0,"76":0,"77":0,"78":0,"79":0,"80":0,"81":0,"82":0,"83":0,"84":0,"85":0,"86":0,"87":0,"88":0,"89":0,"90":0,"91":0,"92":0,"93":0,"94":0,"95":0,"96":0,"97":0,"98":0,"99":0,"100":0,"101":0,"102":0,"103":0,"104":0,"105":0,"106":0,"107":0,"108":0,"109":0,"110":0,"111":0,"112":0,"113":0,"114":0,"115":0,"116":0,"117":0,"118":0,"119":0,"120":0,"121":0,"122":0,"123":0,"124":0,"125":8},"f":{"0":0,"1":0,"2":0,"3":0,"4":0,"5":0,"6":0,"7":0,"8":0,"9":0,"10":0,"11":0,"12":0,"13":0,"14":0},"b":{"0":[0,0],"1":[0,0],"2":[0,0],"3":[0,0],"4":[0,0],"5":[0,0],"6":[0,0],"7":[0,0]},"_coverageSchema":"1a1c01bbd47fc00a2c39e90264f33305004495a9","hash":"8c09194debb5fd8c191396be1d686fe29bf79a4f"}
,"D:\\Rafael\\Hacktiv\\Phase3\\Final Project\\prototype\\x-match\\server\\middlewares\\auth.js": {"path":"D:\\Rafael\\Hacktiv\\Phase3\\Final Project\\prototype\\x-match\\server\\middlewares\\auth.js","statementMap":{"0":{"start":{"line":1,"column":12},"end":{"line":1,"column":35}},"1":{"start":{"line":2,"column":21},"end":{"line":2,"column":39}},"2":{"start":{"line":3,"column":18},"end":{"line":3,"column":41}},"3":{"start":{"line":5,"column":13},"end":{"line":26,"column":1}},"4":{"start":{"line":6,"column":21},"end":{"line":6,"column":48}},"5":{"start":{"line":7,"column":2},"end":{"line":9,"column":3}},"6":{"start":{"line":8,"column":4},"end":{"line":8,"column":77}},"7":{"start":{"line":11,"column":16},"end":{"line":11,"column":49}},"8":{"start":{"line":12,"column":2},"end":{"line":12,"column":36}},"9":{"start":{"line":13,"column":2},"end":{"line":25,"column":3}},"10":{"start":{"line":14,"column":20},"end":{"line":14,"column":61}},"11":{"start":{"line":15,"column":15},"end":{"line":15,"column":22}},"12":{"start":{"line":16,"column":17},"end":{"line":16,"column":89}},"13":{"start":{"line":17,"column":4},"end":{"line":19,"column":5}},"14":{"start":{"line":18,"column":6},"end":{"line":18,"column":40}},"15":{"start":{"line":20,"column":4},"end":{"line":20,"column":20}},"16":{"start":{"line":21,"column":4},"end":{"line":21,"column":11}},"17":{"start":{"line":23,"column":4},"end":{"line":23,"column":50}},"18":{"start":{"line":24,"column":4},"end":{"line":24,"column":60}},"19":{"start":{"line":28,"column":0},"end":{"line":28,"column":22}}},"fnMap":{"0":{"name":"(anonymous_0)","decl":{"start":{"line":5,"column":13},"end":{"line":5,"column":14}},"loc":{"start":{"line":5,"column":39},"end":{"line":26,"column":1}},"line":5}},"branchMap":{"0":{"loc":{"start":{"line":7,"column":2},"end":{"line":9,"column":3}},"type":"if","locations":[{"start":{"line":7,"column":2},"end":{"line":9,"column":3}},{"start":{},"end":{}}],"line":7},"1":{"loc":{"start":{"line":17,"column":4},"end":{"line":19,"column":5}},"type":"if","locations":[{"start":{"line":17,"column":4},"end":{"line":19,"column":5}},{"start":{},"end":{}}],"line":17}},"s":{"0":8,"1":8,"2":8,"3":8,"4":24,"5":24,"6":3,"7":21,"8":21,"9":21,"10":21,"11":18,"12":18,"13":18,"14":0,"15":18,"16":18,"17":3,"18":3,"19":8},"f":{"0":24},"b":{"0":[3,21],"1":[0,18]},"_coverageSchema":"1a1c01bbd47fc00a2c39e90264f33305004495a9","hash":"d7aa64b549dd281698f28ba60dd5e86043b36ead"}
,"D:\\Rafael\\Hacktiv\\Phase3\\Final Project\\prototype\\x-match\\server\\models\\Chat.js": {"path":"D:\\Rafael\\Hacktiv\\Phase3\\Final Project\\prototype\\x-match\\server\\models\\Chat.js","statementMap":{"0":{"start":{"line":1,"column":21},"end":{"line":1,"column":39}},"1":{"start":{"line":2,"column":18},"end":{"line":2,"column":41}},"2":{"start":{"line":4,"column":19},"end":{"line":8,"column":1}},"3":{"start":{"line":5,"column":13},"end":{"line":5,"column":20}},"4":{"start":{"line":6,"column":17},"end":{"line":6,"column":61}},"5":{"start":{"line":7,"column":2},"end":{"line":7,"column":45}},"6":{"start":{"line":10,"column":26},"end":{"line":14,"column":1}},"7":{"start":{"line":11,"column":13},"end":{"line":11,"column":20}},"8":{"start":{"line":12,"column":16},"end":{"line":12,"column":95}},"9":{"start":{"line":13,"column":2},"end":{"line":13,"column":15}},"10":{"start":{"line":16,"column":0},"end":{"line":16,"column":51}}},"fnMap":{"0":{"name":"(anonymous_0)","decl":{"start":{"line":4,"column":19},"end":{"line":4,"column":20}},"loc":{"start":{"line":4,"column":35},"end":{"line":8,"column":1}},"line":4},"1":{"name":"(anonymous_1)","decl":{"start":{"line":10,"column":26},"end":{"line":10,"column":27}},"loc":{"start":{"line":10,"column":45},"end":{"line":14,"column":1}},"line":10}},"branchMap":{},"s":{"0":8,"1":8,"2":8,"3":0,"4":0,"5":0,"6":8,"7":0,"8":0,"9":0,"10":8},"f":{"0":0,"1":0},"b":{},"_coverageSchema":"1a1c01bbd47fc00a2c39e90264f33305004495a9","hash":"e6613e882a567283bc919cf2376912b30dd2824a"}
,"D:\\Rafael\\Hacktiv\\Phase3\\Final Project\\prototype\\x-match\\server\\routes\\chatRoutes.js": {"path":"D:\\Rafael\\Hacktiv\\Phase3\\Final Project\\prototype\\x-match\\server\\routes\\chatRoutes.js","statementMap":{"0":{"start":{"line":1,"column":16},"end":{"line":1,"column":34}},"1":{"start":{"line":2,"column":23},"end":{"line":2,"column":63}},"2":{"start":{"line":3,"column":13},"end":{"line":3,"column":43}},"3":{"start":{"line":5,"column":15},"end":{"line":5,"column":31}},"4":{"start":{"line":7,"column":0},"end":{"line":7,"column":81}},"5":{"start":{"line":8,"column":0},"end":{"line":8,"column":61}},"6":{"start":{"line":10,"column":0},"end":{"line":10,"column":24}}},"fnMap":{},"branchMap":{},"s":{"0":8,"1":8,"2":8,"3":8,"4":8,"5":8,"6":8},"f":{},"b":{},"_coverageSchema":"1a1c01bbd47fc00a2c39e90264f33305004495a9","hash":"e4ba5222892dc1097b9b11ac0238b02882b5f631"}
,"D:\\Rafael\\Hacktiv\\Phase3\\Final Project\\prototype\\x-match\\server\\routes\\eventRoutes.js": {"path":"D:\\Rafael\\Hacktiv\\Phase3\\Final Project\\prototype\\x-match\\server\\routes\\eventRoutes.js","statementMap":{"0":{"start":{"line":1,"column":16},"end":{"line":1,"column":34}},"1":{"start":{"line":2,"column":24},"end":{"line":2,"column":65}},"2":{"start":{"line":3,"column":13},"end":{"line":3,"column":43}},"3":{"start":{"line":4,"column":15},"end":{"line":4,"column":32}},"4":{"start":{"line":5,"column":15},"end":{"line":5,"column":43}},"5":{"start":{"line":7,"column":15},"end":{"line":7,"column":31}},"6":{"start":{"line":9,"column":0},"end":{"line":9,"column":55}},"7":{"start":{"line":10,"column":0},"end":{"line":10,"column":62}},"8":{"start":{"line":11,"column":0},"end":{"line":11,"column":89}},"9":{"start":{"line":12,"column":0},"end":{"line":12,"column":69}},"10":{"start":{"line":13,"column":0},"end":{"line":13,"column":68}},"11":{"start":{"line":14,"column":0},"end":{"line":14,"column":78}},"12":{"start":{"line":15,"column":0},"end":{"line":15,"column":91}},"13":{"start":{"line":17,"column":0},"end":{"line":17,"column":24}}},"fnMap":{},"branchMap":{},"s":{"0":8,"1":8,"2":8,"3":8,"4":8,"5":8,"6":8,"7":8,"8":8,"9":8,"10":8,"11":8,"12":8,"13":8},"f":{},"b":{},"_coverageSchema":"1a1c01bbd47fc00a2c39e90264f33305004495a9","hash":"f3dc87587a34c5fd0fd4f660faccc32cf89c6630"}
,"D:\\Rafael\\Hacktiv\\Phase3\\Final Project\\prototype\\x-match\\server\\routes\\userRoutes.js": {"path":"D:\\Rafael\\Hacktiv\\Phase3\\Final Project\\prototype\\x-match\\server\\routes\\userRoutes.js","statementMap":{"0":{"start":{"line":1,"column":16},"end":{"line":1,"column":34}},"1":{"start":{"line":2,"column":23},"end":{"line":2,"column":63}},"2":{"start":{"line":3,"column":13},"end":{"line":3,"column":43}},"3":{"start":{"line":4,"column":15},"end":{"line":4,"column":32}},"4":{"start":{"line":5,"column":15},"end":{"line":5,"column":43}},"5":{"start":{"line":7,"column":15},"end":{"line":7,"column":31}},"6":{"start":{"line":9,"column":0},"end":{"line":9,"column":50}},"7":{"start":{"line":10,"column":0},"end":{"line":10,"column":44}},"8":{"start":{"line":11,"column":0},"end":{"line":11,"column":57}},"9":{"start":{"line":12,"column":0},"end":{"line":12,"column":50}},"10":{"start":{"line":13,"column":0},"end":{"line":13,"column":79}},"11":{"start":{"line":14,"column":0},"end":{"line":14,"column":63}},"12":{"start":{"line":15,"column":0},"end":{"line":15,"column":72}},"13":{"start":{"line":16,"column":0},"end":{"line":16,"column":63}},"14":{"start":{"line":17,"column":0},"end":{"line":17,"column":68}},"15":{"start":{"line":18,"column":0},"end":{"line":18,"column":73}},"16":{"start":{"line":19,"column":0},"end":{"line":19,"column":80}},"17":{"start":{"line":20,"column":0},"end":{"line":20,"column":69}},"18":{"start":{"line":23,"column":0},"end":{"line":23,"column":24}}},"fnMap":{},"branchMap":{},"s":{"0":8,"1":8,"2":8,"3":8,"4":8,"5":8,"6":8,"7":8,"8":8,"9":8,"10":8,"11":8,"12":8,"13":8,"14":8,"15":8,"16":8,"17":8,"18":8},"f":{},"b":{},"_coverageSchema":"1a1c01bbd47fc00a2c39e90264f33305004495a9","hash":"944f992309e994463508e7c0fbe57a916828fcf5"}
}
