TN:
SF:app.js
FN:28,(anonymous_0)
FN:31,(anonymous_1)
FN:35,(anonymous_2)
FN:40,(anonymous_3)
FN:54,(anonymous_4)
FNF:5
FNH:1
FNDA:0,(anonymous_0)
FNDA:0,(anonymous_1)
FNDA:0,(anonymous_2)
FNDA:0,(anonymous_3)
FNDA:9,(anonymous_4)
DA:1,9
DA:2,9
DA:3,9
DA:4,9
DA:5,9
DA:6,9
DA:7,9
DA:8,9
DA:9,9
DA:10,9
DA:11,9
DA:13,9
DA:15,9
DA:16,9
DA:17,9
DA:20,9
DA:21,9
DA:22,9
DA:23,9
DA:24,9
DA:25,9
DA:28,9
DA:29,0
DA:31,0
DA:32,0
DA:35,0
DA:36,0
DA:37,0
DA:40,0
DA:41,0
DA:54,9
DA:55,9
DA:56,9
DA:57,9
DA:62,0
DA:66,9
DA:69,9
LF:37
LH:28
BRF:0
BRH:0
end_of_record
TN:
SF:config\cloudinary.js
FNF:0
FNH:0
DA:1,9
DA:3,9
DA:9,9
LF:3
LH:3
BRF:0
BRH:0
end_of_record
TN:
SF:config\db.js
FN:8,(anonymous_0)
FN:13,(anonymous_1)
FNF:2
FNH:2
FNDA:9,(anonymous_0)
FNDA:26,(anonymous_1)
DA:1,9
DA:2,9
DA:4,9
DA:8,9
DA:9,9
DA:10,9
DA:13,9
DA:14,26
DA:15,0
DA:17,26
DA:20,9
LF:11
LH:10
BRDA:14,0,0,0
BRDA:14,0,1,26
BRF:2
BRH:1
end_of_record
TN:
SF:controllers\chatController.js
FN:12,(anonymous_0)
FN:19,(anonymous_1)
FN:22,(anonymous_2)
FN:50,(anonymous_3)
FNF:4
FNH:0
FNDA:0,(anonymous_0)
FNDA:0,(anonymous_1)
FNDA:0,(anonymous_2)
FNDA:0,(anonymous_3)
DA:1,9
DA:2,9
DA:3,9
DA:4,9
DA:6,9
DA:7,9
DA:10,9
DA:13,0
DA:14,0
DA:15,0
DA:17,0
DA:18,0
DA:19,0
DA:20,0
DA:23,0
DA:24,0
DA:26,0
DA:29,0
DA:31,0
DA:32,0
DA:35,0
DA:43,0
DA:45,0
DA:46,0
DA:51,0
DA:52,0
DA:53,0
DA:54,0
DA:56,0
DA:61,9
LF:30
LH:8
BRDA:17,0,0,0
BRDA:17,0,1,0
BRDA:23,1,0,0
BRDA:23,1,1,0
BRF:4
BRH:0
end_of_record
TN:
SF:controllers\eventController.js
FN:8,(anonymous_0)
FN:18,(anonymous_1)
FN:31,(anonymous_2)
FN:66,(anonymous_3)
FN:74,(anonymous_4)
FN:90,(anonymous_5)
FN:113,(anonymous_6)
FN:163,(anonymous_7)
FN:183,(anonymous_8)
FN:204,(anonymous_9)
FN:218,(anonymous_10)
FN:244,(anonymous_11)
FN:268,(anonymous_12)
FN:315,(anonymous_13)
FNF:14
FNH:5
FNDA:1,(anonymous_0)
FNDA:1,(anonymous_1)
FNDA:1,(anonymous_2)
FNDA:1,(anonymous_3)
FNDA:0,(anonymous_4)
FNDA:0,(anonymous_5)
FNDA:0,(anonymous_6)
FNDA:0,(anonymous_7)
FNDA:0,(anonymous_8)
FNDA:0,(anonymous_9)
FNDA:0,(anonymous_10)
FNDA:0,(anonymous_11)
FNDA:2,(anonymous_12)
FNDA:0,(anonymous_13)
DA:1,9
DA:2,9
DA:3,9
DA:4,9
DA:5,9
DA:9,1
DA:10,1
DA:11,1
DA:12,1
DA:14,0
DA:19,1
DA:20,1
DA:21,1
DA:22,1
DA:23,0
DA:25,1
DA:27,0
DA:32,1
DA:33,1
DA:34,1
DA:35,1
DA:36,0
DA:37,0
DA:38,0
DA:39,0
DA:55,0
DA:56,0
DA:58,0
DA:59,0
DA:61,1
DA:62,1
DA:67,1
DA:68,1
DA:69,1
DA:70,1
DA:71,1
DA:72,0
DA:74,1
DA:75,0
DA:77,1
DA:78,0
DA:80,1
DA:81,1
DA:82,1
DA:83,1
DA:85,0
DA:91,0
DA:99,0
DA:100,0
DA:107,0
DA:109,0
DA:114,0
DA:115,0
DA:116,0
DA:117,0
DA:118,0
DA:119,0
DA:121,0
DA:128,0
DA:129,0
DA:130,0
DA:131,0
DA:132,0
DA:134,0
DA:135,0
DA:136,0
DA:137,0
DA:138,0
DA:139,0
DA:141,0
DA:156,0
DA:157,0
DA:159,0
DA:164,0
DA:165,0
DA:166,0
DA:167,0
DA:168,0
DA:169,0
DA:170,0
DA:171,0
DA:172,0
DA:173,0
DA:174,0
DA:175,0
DA:176,0
DA:177,0
DA:178,0
DA:179,0
DA:180,0
DA:183,0
DA:184,0
DA:185,0
DA:200,0
DA:205,0
DA:206,0
DA:207,0
DA:208,0
DA:209,0
DA:211,0
DA:212,0
DA:214,0
DA:215,0
DA:216,0
DA:218,0
DA:220,0
DA:221,0
DA:222,0
DA:223,0
DA:225,0
DA:227,0
DA:236,0
DA:237,0
DA:238,0
DA:239,0
DA:240,0
DA:242,0
DA:244,0
DA:245,0
DA:246,0
DA:248,0
DA:250,0
DA:259,0
DA:261,0
DA:262,0
DA:269,2
DA:270,2
DA:271,2
DA:272,2
DA:273,2
DA:274,0
DA:277,2
DA:283,2
DA:297,2
DA:298,2
DA:307,2
DA:309,2
DA:311,0
DA:316,0
DA:317,0
DA:318,0
DA:319,0
DA:321,0
DA:322,0
DA:323,0
DA:325,0
DA:329,0
DA:330,0
DA:336,0
DA:338,0
DA:339,0
DA:345,9
LF:152
LH:43
BRDA:22,0,0,0
BRDA:22,0,1,1
BRDA:37,1,0,0
BRDA:37,1,1,0
BRDA:38,2,0,0
BRDA:38,2,1,0
BRDA:71,3,0,0
BRDA:71,3,1,1
BRDA:74,4,0,0
BRDA:74,4,1,1
BRDA:77,5,0,0
BRDA:77,5,1,1
BRDA:131,6,0,0
BRDA:131,6,1,0
BRDA:138,7,0,0
BRDA:138,7,1,0
BRDA:175,8,0,0
BRDA:175,8,1,0
BRDA:178,9,0,0
BRDA:178,9,1,0
BRDA:184,10,0,0
BRDA:184,10,1,0
BRDA:215,11,0,0
BRDA:215,11,1,0
BRDA:220,12,0,0
BRDA:220,12,1,0
BRDA:222,13,0,0
BRDA:222,13,1,0
BRDA:238,14,0,0
BRDA:238,14,1,0
BRDA:245,15,0,0
BRDA:245,15,1,0
BRDA:273,16,0,0
BRDA:273,16,1,2
BRDA:322,17,0,0
BRDA:322,17,1,0
BRDA:329,18,0,0
BRDA:329,18,1,0
BRF:38
BRH:5
end_of_record
TN:
SF:controllers\userController.js
FN:17,(anonymous_0)
FN:51,(anonymous_1)
FN:97,(anonymous_2)
FN:123,(anonymous_3)
FN:127,(anonymous_4)
FN:132,(anonymous_5)
FN:148,(anonymous_6)
FN:158,(anonymous_7)
FN:175,(anonymous_8)
FN:195,(anonymous_9)
FN:227,(anonymous_10)
FN:237,(anonymous_11)
FN:247,(anonymous_12)
FN:256,(anonymous_13)
FN:280,(anonymous_14)
FNF:15
FNH:2
FNDA:3,(anonymous_0)
FNDA:0,(anonymous_1)
FNDA:1,(anonymous_2)
FNDA:0,(anonymous_3)
FNDA:0,(anonymous_4)
FNDA:0,(anonymous_5)
FNDA:0,(anonymous_6)
FNDA:0,(anonymous_7)
FNDA:0,(anonymous_8)
FNDA:0,(anonymous_9)
FNDA:0,(anonymous_10)
FNDA:0,(anonymous_11)
FNDA:0,(anonymous_12)
FNDA:0,(anonymous_13)
FNDA:0,(anonymous_14)
DA:1,9
DA:2,9
DA:3,9
DA:4,9
DA:5,9
DA:6,9
DA:8,9
DA:14,9
DA:18,3
DA:19,3
DA:20,3
DA:21,3
DA:22,3
DA:23,2
DA:24,2
DA:36,2
DA:37,2
DA:38,2
DA:47,1
DA:52,0
DA:54,0
DA:55,0
DA:60,0
DA:61,0
DA:63,0
DA:64,0
DA:66,0
DA:67,0
DA:79,0
DA:82,0
DA:84,0
DA:93,0
DA:98,1
DA:99,1
DA:100,1
DA:101,1
DA:102,0
DA:103,0
DA:105,0
DA:106,0
DA:107,0
DA:109,0
DA:110,0
DA:119,0
DA:124,0
DA:128,0
DA:129,0
DA:130,0
DA:131,0
DA:132,0
DA:134,0
DA:135,0
DA:136,0
DA:139,0
DA:140,0
DA:141,0
DA:142,0
DA:144,0
DA:149,0
DA:150,0
DA:151,0
DA:152,0
DA:154,0
DA:159,0
DA:160,0
DA:161,0
DA:162,0
DA:163,0
DA:164,0
DA:165,0
DA:172,0
DA:173,0
DA:174,0
DA:175,0
DA:176,0
DA:177,0
DA:178,0
DA:188,0
DA:191,0
DA:196,0
DA:197,0
DA:198,0
DA:199,0
DA:200,0
DA:201,0
DA:202,0
DA:203,0
DA:214,0
DA:215,0
DA:217,0
DA:221,0
DA:222,0
DA:228,0
DA:229,0
DA:230,0
DA:231,0
DA:233,0
DA:238,0
DA:239,0
DA:240,0
DA:241,0
DA:243,0
DA:249,0
DA:250,0
DA:251,0
DA:252,0
DA:253,0
DA:254,0
DA:255,0
DA:256,0
DA:257,0
DA:260,0
DA:261,0
DA:265,0
DA:266,0
DA:272,0
DA:276,0
DA:281,0
DA:282,0
DA:283,0
DA:285,0
DA:286,0
DA:291,0
DA:293,0
DA:300,9
LF:125
LH:24
BRDA:66,0,0,0
BRDA:66,0,1,0
BRDA:102,1,0,0
BRDA:102,1,1,0
BRDA:106,2,0,0
BRDA:106,2,1,0
BRDA:134,3,0,0
BRDA:134,3,1,0
BRDA:172,4,0,0
BRDA:172,4,1,0
BRDA:174,5,0,0
BRDA:174,5,1,0
BRDA:214,6,0,0
BRDA:214,6,1,0
BRDA:260,7,0,0
BRDA:260,7,1,0
BRF:16
BRH:0
end_of_record
TN:
SF:middlewares\auth.js
FN:5,(anonymous_0)
FNF:1
FNH:1
FNDA:26,(anonymous_0)
DA:1,9
DA:2,9
DA:3,9
DA:5,9
DA:6,26
DA:7,26
DA:8,4
DA:11,22
DA:12,22
DA:13,22
DA:14,22
DA:15,18
DA:16,18
DA:17,18
DA:18,12
DA:20,6
DA:21,6
DA:23,16
DA:24,16
DA:28,9
LF:20
LH:20
BRDA:7,0,0,4
BRDA:7,0,1,22
BRDA:17,1,0,12
BRDA:17,1,1,6
BRF:4
BRH:4
end_of_record
TN:
SF:models\Chat.js
FN:4,(anonymous_0)
FN:10,(anonymous_1)
FNF:2
FNH:0
FNDA:0,(anonymous_0)
FNDA:0,(anonymous_1)
DA:1,9
DA:2,9
DA:4,9
DA:5,0
DA:6,0
DA:7,0
DA:10,9
DA:11,0
DA:12,0
DA:13,0
DA:16,9
LF:11
LH:5
BRF:0
BRH:0
end_of_record
TN:
SF:routes\chatRoutes.js
FNF:0
FNH:0
DA:1,9
DA:2,9
DA:3,9
DA:5,9
DA:7,9
DA:8,9
DA:10,9
LF:7
LH:7
BRF:0
BRH:0
end_of_record
TN:
SF:routes\eventRoutes.js
FNF:0
FNH:0
DA:1,9
DA:2,9
DA:3,9
DA:4,9
DA:5,9
DA:7,9
DA:9,9
DA:10,9
DA:11,9
DA:12,9
DA:13,9
DA:14,9
DA:15,9
DA:17,9
LF:14
LH:14
BRF:0
BRH:0
end_of_record
TN:
SF:routes\userRoutes.js
FNF:0
FNH:0
DA:1,9
DA:2,9
DA:3,9
DA:4,9
DA:5,9
DA:7,9
DA:9,9
DA:10,9
DA:11,9
DA:12,9
DA:13,9
DA:14,9
DA:15,9
DA:16,9
DA:17,9
DA:18,9
DA:19,9
DA:20,9
DA:23,9
LF:19
LH:19
BRF:0
BRH:0
end_of_record
